2025-04-23 09:27:37,448 [INFO] Activator:176 - 


2025-04-23 09:27:37,453 [INFO] Activator:177 - !SESSION log4j initialized
2025-04-23 09:27:42,941 [INFO] LogOutputStream:77 - [STDOUT_REDIRECT] 
2025-04-23 09:27:47,179 [INFO] ApplicationProperties:184 - Using Application install path: C:\App\ST\STM32CubeIDE_1.16.0\STM32CubeIDE\plugins\com.st.stm32cube.common.mx_6.12.0.202406281431
2025-04-23 09:27:47,195 [INFO] DbMcusXml:78 - Set database path to: C:\App\ST\STM32CubeIDE_1.16.0\STM32CubeIDE\plugins\com.st.stm32cube.common.mx_6.12.0.202406281431\\db\/mcu/
2025-04-23 09:27:47,196 [INFO] ApiDb:274 - Set plugin database path to: C:\App\ST\STM32CubeIDE_1.16.0\STM32CubeIDE\plugins\com.st.stm32cube.common.mx_6.12.0.202406281431\\db\/plugins/boardmanager/
2025-04-23 09:27:47,196 [WARN] ApiDb:259 - Overriding images path with different value:  => C:\App\ST\STM32CubeIDE_1.16.0\STM32CubeIDE\plugins\com.st.stm32cube.common.mx_6.12.0.202406281431\\db\/plugins/mcufinder/images/
2025-04-23 09:27:47,212 [INFO] ApiDb:250 - Set database path to: C:\Users\Lenovo\.stmcufinder\plugins\mcufinder//mcu/
2025-04-23 09:27:47,213 [INFO] DbMcusAds:125 - Set database path to: C:\Users\Lenovo\.stmcufinder\plugins\mcufinder//mcu/
2025-04-23 09:27:47,217 [INFO] CrossReferenceDbSqlite:203 - Set database path to: C:\Users\Lenovo\.stmcufinder\plugins\mcufinder//mcu/cs/
2025-04-23 09:27:47,369 [INFO] RulesReader:64 - Compatibility file has been processed (297 Rules)
2025-04-23 09:27:47,461 [INFO] DbMcusXml:78 - Set database path to: C:\App\ST\STM32CubeIDE_1.16.0\STM32CubeIDE\plugins\com.st.stm32cube.common.mx_6.12.0.202406281431\\db\/mcu/
2025-04-23 09:27:47,461 [INFO] ApiDb:274 - Set plugin database path to: C:\App\ST\STM32CubeIDE_1.16.0\STM32CubeIDE\plugins\com.st.stm32cube.common.mx_6.12.0.202406281431\\db\/plugins/boardmanager/
2025-04-23 09:27:47,461 [INFO] ApiDb:261 - Set plugin images path to: C:\App\ST\STM32CubeIDE_1.16.0\STM32CubeIDE\plugins\com.st.stm32cube.common.mx_6.12.0.202406281431\\db\/plugins/mcufinder/images/
2025-04-23 09:27:47,462 [WARN] DbFile:41 - Overriding database path with different value: C:\Users\Lenovo\.stmcufinder\plugins\mcufinder/ => C:\Users\Lenovo\.stmcufinder\plugins\mcufinder
2025-04-23 09:27:47,462 [INFO] ApiDb:250 - Set database path to: C:\Users\Lenovo\.stmcufinder\plugins\mcufinder//mcu/
2025-04-23 09:27:47,462 [WARN] DbFile:41 - Overriding database path with different value: C:\Users\Lenovo\.stmcufinder\plugins\mcufinder/ => C:\Users\Lenovo\.stmcufinder\plugins\mcufinder
2025-04-23 09:27:47,462 [INFO] DbMcusAds:125 - Set database path to: C:\Users\Lenovo\.stmcufinder\plugins\mcufinder//mcu/
2025-04-23 09:27:47,462 [WARN] DbFile:41 - Overriding database path with different value: C:\Users\Lenovo\.stmcufinder\plugins\mcufinder/ => C:\Users\Lenovo\.stmcufinder\plugins\mcufinder
2025-04-23 09:27:47,462 [WARN] DbFile:41 - Overriding database path with different value: C:\Users\Lenovo\.stmcufinder\plugins\mcufinder/ => C:\Users\Lenovo\.stmcufinder\plugins\mcufinder
2025-04-23 09:27:47,462 [INFO] CrossReferenceDbSqlite:203 - Set database path to: C:\Users\Lenovo\.stmcufinder\plugins\mcufinder//mcu/cs/
2025-04-23 09:27:47,547 [INFO] MainPanel:268 - HeapMemory: 268435456
2025-04-23 09:27:47,664 [INFO] DbMcusXml:78 - Set database path to: C:\App\ST\STM32CubeIDE_1.16.0\STM32CubeIDE\plugins\com.st.stm32cube.common.mx_6.12.0.202406281431\\db\/mcu/
2025-04-23 09:27:47,664 [INFO] ApiDb:274 - Set plugin database path to: C:\App\ST\STM32CubeIDE_1.16.0\STM32CubeIDE\plugins\com.st.stm32cube.common.mx_6.12.0.202406281431\\db\/plugins/boardmanager/
2025-04-23 09:27:47,664 [INFO] ApiDb:261 - Set plugin images path to: C:\App\ST\STM32CubeIDE_1.16.0\STM32CubeIDE\plugins\com.st.stm32cube.common.mx_6.12.0.202406281431\\db\/plugins/mcufinder/images/
2025-04-23 09:27:47,664 [WARN] DbFile:41 - Overriding database path with different value: C:\Users\Lenovo\.stmcufinder\plugins\mcufinder/ => C:\Users\Lenovo\.stmcufinder\plugins\mcufinder
2025-04-23 09:27:47,664 [INFO] ApiDb:250 - Set database path to: C:\Users\Lenovo\.stmcufinder\plugins\mcufinder//mcu/
2025-04-23 09:27:47,664 [WARN] DbFile:41 - Overriding database path with different value: C:\Users\Lenovo\.stmcufinder\plugins\mcufinder/ => C:\Users\Lenovo\.stmcufinder\plugins\mcufinder
2025-04-23 09:27:47,665 [INFO] DbMcusAds:125 - Set database path to: C:\Users\Lenovo\.stmcufinder\plugins\mcufinder//mcu/
2025-04-23 09:27:47,665 [WARN] DbFile:41 - Overriding database path with different value: C:\Users\Lenovo\.stmcufinder\plugins\mcufinder/ => C:\Users\Lenovo\.stmcufinder\plugins\mcufinder
2025-04-23 09:27:47,665 [WARN] DbFile:41 - Overriding database path with different value: C:\Users\Lenovo\.stmcufinder\plugins\mcufinder/ => C:\Users\Lenovo\.stmcufinder\plugins\mcufinder
2025-04-23 09:27:47,665 [INFO] CrossReferenceDbSqlite:203 - Set database path to: C:\Users\Lenovo\.stmcufinder\plugins\mcufinder//mcu/cs/
2025-04-23 09:27:47,682 [INFO] ApplicationProperties:184 - Using Application install path: C:\App\ST\STM32CubeIDE_1.16.0\STM32CubeIDE\plugins\com.st.stm32cube.common.mx_6.12.0.202406281431
2025-04-23 09:27:47,683 [INFO] PluginManage:196 - Search for loadable plugins [exclusion list=, ]
2025-04-23 09:27:47,684 [INFO] PluginManage:310 - Check plugin analytics
2025-04-23 09:27:47,850 [INFO] AnalyticsPlugin:253 - Accepted Software Licenses: STM32CubeMX.6.12.0,STM32CubeMX.6.14.0
2025-04-23 09:27:47,850 [INFO] AnalyticsPlugin:255 - Accepted CMSIS Pack Licenses: 
2025-04-23 09:27:47,850 [INFO] AnalyticsPlugin:257 - Accepted Firmware Licenses: FW.F4.1.28.0
2025-04-23 09:27:47,852 [INFO] PluginManage:359 - Loaded plugin analytics (category:tool,tabindex:-1)
2025-04-23 09:27:47,853 [INFO] PluginManage:310 - Check plugin cadmodel
2025-04-23 09:27:47,875 [INFO] CADModel:105 - Init CAD model plugin
2025-04-23 09:27:47,875 [INFO] PluginManage:359 - Loaded plugin cadmodel (category:power,tabindex:5)
2025-04-23 09:27:47,875 [INFO] PluginManage:310 - Check plugin clock
2025-04-23 09:27:47,902 [INFO] PluginManage:359 - Loaded plugin clock (category:base,tabindex:2)
2025-04-23 09:27:47,902 [INFO] PluginManage:310 - Check plugin ddr
2025-04-23 09:27:47,906 [INFO] PluginManage:359 - Loaded plugin ddr (category:tool,tabindex:6)
2025-04-23 09:27:47,906 [INFO] PluginManage:310 - Check plugin filemanager
2025-04-23 09:27:48,057 [INFO] PluginManage:359 - Loaded plugin filemanager (category:base,tabindex:10)
2025-04-23 09:27:48,057 [INFO] PluginManage:310 - Check plugin ipmanager
2025-04-23 09:27:48,064 [INFO] PluginManage:359 - Loaded plugin ipmanager (category:base,tabindex:5)
2025-04-23 09:27:48,064 [INFO] PluginManage:310 - Check plugin lpbam
2025-04-23 09:27:48,087 [INFO] PluginManage:359 - Loaded plugin lpbam (category:base,tabindex:0)
2025-04-23 09:27:48,087 [INFO] PluginManage:310 - Check plugin memorymap
2025-04-23 09:27:48,117 [INFO] PluginManage:359 - Loaded plugin memorymap (category:base,tabindex:4)
2025-04-23 09:27:48,117 [INFO] PluginManage:310 - Check plugin pinoutandconfiguration
2025-04-23 09:27:48,144 [INFO] PluginManage:359 - Loaded plugin pinoutandconfiguration (category:base,tabindex:1)
2025-04-23 09:27:48,145 [INFO] PluginManage:310 - Check plugin pinoutconfig
2025-04-23 09:27:48,244 [WARN] SupportedApi:132 - Cannot load RTOS API schema: s4s-elt-must-match.1: The content of 'definitions' must match (annotation?, (simpleType | complexType)?, (unique | key | keyref)*)). A problem was found starting at: attribute.
2025-04-23 09:27:48,401 [INFO] PluginManage:359 - Loaded plugin pinoutconfig (category:base,tabindex:0)
2025-04-23 09:27:48,402 [INFO] PluginManage:310 - Check plugin power
2025-04-23 09:27:48,422 [INFO] PluginManage:359 - Loaded plugin power (category:power,tabindex:4)
2025-04-23 09:27:48,422 [INFO] PluginManage:310 - Check plugin projectmanager
2025-04-23 09:27:48,437 [INFO] PluginManage:359 - Loaded plugin projectmanager (category:projectmanager,tabindex:4)
2025-04-23 09:27:48,437 [INFO] PluginManage:310 - Check plugin rif
2025-04-23 09:27:48,457 [INFO] PluginManage:359 - Loaded plugin rif (category:base,tabindex:3)
2025-04-23 09:27:48,458 [INFO] PluginManage:310 - Check plugin thirdparty
2025-04-23 09:27:48,784 [INFO] PluginManage:359 - Loaded plugin thirdparty (category:base,tabindex:-1)
2025-04-23 09:27:48,784 [WARN] IntegrityCheckThread:84 - waiting for thirdparty lock release [integrity check]
2025-04-23 09:27:48,784 [INFO] IntegrityCheckThread:86 - entering critical section [integrity check]
2025-04-23 09:27:48,784 [INFO] PluginManage:310 - Check plugin tools
2025-04-23 09:27:48,785 [INFO] ThirdPartyUpdaterWithRetryManager:70 - Updater plugin not ready yet. [1/15]
2025-04-23 09:27:48,847 [INFO] PluginManage:359 - Loaded plugin tools (category:base,tabindex:7)
2025-04-23 09:27:48,847 [INFO] PluginManage:310 - Check plugin tutovideos
2025-04-23 09:27:49,036 [INFO] PluginManage:359 - Loaded plugin tutovideos (category:base,tabindex:-1)
2025-04-23 09:27:49,036 [INFO] PluginManage:310 - Check plugin updater
2025-04-23 09:27:49,053 [INFO] PluginManage:359 - Loaded plugin updater (category:base,tabindex:12)
2025-04-23 09:27:49,053 [INFO] PluginManage:310 - Check plugin userauth
2025-04-23 09:27:49,063 [INFO] UserAuth:113 - Init User Auth plugin
2025-04-23 09:27:49,063 [INFO] PluginManage:359 - Loaded plugin userauth (category:base,tabindex:14)
2025-04-23 09:27:49,064 [INFO] PluginManage:283 - PluginManage : Loaded plugins [18]
2025-04-23 09:27:49,237 [INFO] PinOutPanel:1561 - setPackage(No Configuration,No Configuration)
2025-04-23 09:27:49,304 [INFO] CADModel:165 - CPN selected for project level
2025-04-23 09:27:49,304 [INFO] CADModel:114 - Register for checkConnection events
2025-04-23 09:27:49,331 [INFO] IPUIPlugin:80 - create IPUIPlugin
2025-04-23 09:27:49,331 [INFO] PluginManager:220 - loadIPPluginJar : add adc
2025-04-23 09:27:49,387 [INFO] IPUIPlugin:80 - create IPUIPlugin
2025-04-23 09:27:49,387 [INFO] PluginManager:220 - loadIPPluginJar : add aes
2025-04-23 09:27:49,453 [INFO] IPUIPlugin:80 - create IPUIPlugin
2025-04-23 09:27:49,453 [INFO] PluginManager:220 - loadIPPluginJar : add can
2025-04-23 09:27:49,485 [INFO] IPUIPlugin:80 - create IPUIPlugin
2025-04-23 09:27:49,485 [INFO] PluginManager:220 - loadIPPluginJar : add comp
2025-04-23 09:27:49,533 [INFO] IPUIPlugin:80 - create IPUIPlugin
2025-04-23 09:27:49,533 [INFO] PluginManager:220 - loadIPPluginJar : add cryp
2025-04-23 09:27:49,550 [INFO] IPUIPlugin:80 - create IPUIPlugin
2025-04-23 09:27:49,550 [INFO] PluginManager:220 - loadIPPluginJar : add ddr_ctrl_phy
2025-04-23 09:27:49,593 [INFO] IPUIPlugin:80 - create IPUIPlugin
2025-04-23 09:27:49,594 [INFO] PluginManager:220 - loadIPPluginJar : add dfsdm
2025-04-23 09:27:49,610 [INFO] IPUIPlugin:80 - create IPUIPlugin
2025-04-23 09:27:49,610 [INFO] PluginManager:220 - loadIPPluginJar : add dma
2025-04-23 09:27:49,674 [INFO] IPUIPlugin:80 - create IPUIPlugin
2025-04-23 09:27:49,675 [INFO] PluginManager:220 - loadIPPluginJar : add dma3
2025-04-23 09:27:49,748 [INFO] IPUIPlugin:80 - create IPUIPlugin
2025-04-23 09:27:49,748 [INFO] PluginManager:220 - loadIPPluginJar : add extmemmanager
2025-04-23 09:27:49,783 [INFO] IPUIPlugin:80 - create IPUIPlugin
2025-04-23 09:27:49,783 [INFO] PluginManager:220 - loadIPPluginJar : add fatfs
2025-04-23 09:27:49,865 [INFO] IPUIPlugin:80 - create IPUIPlugin
2025-04-23 09:27:49,865 [INFO] PluginManager:220 - loadIPPluginJar : add fmc
2025-04-23 09:27:49,888 [INFO] IPUIPlugin:80 - create IPUIPlugin
2025-04-23 09:27:49,888 [INFO] PluginManager:220 - loadIPPluginJar : add freertos
2025-04-23 09:27:49,924 [INFO] IPUIPlugin:80 - create IPUIPlugin
2025-04-23 09:27:49,924 [INFO] PluginManager:220 - loadIPPluginJar : add genericplugin
2025-04-23 09:27:50,070 [INFO] IPUIPlugin:80 - create IPUIPlugin
2025-04-23 09:27:50,070 [INFO] PluginManager:220 - loadIPPluginJar : add gfxmmu
2025-04-23 09:27:50,217 [INFO] IPUIPlugin:80 - create IPUIPlugin
2025-04-23 09:27:50,217 [INFO] PluginManager:220 - loadIPPluginJar : add gic
2025-04-23 09:27:50,232 [INFO] IPUIPlugin:80 - create IPUIPlugin
2025-04-23 09:27:50,232 [INFO] PluginManager:220 - loadIPPluginJar : add gpio
2025-04-23 09:27:50,353 [INFO] IPUIPlugin:80 - create IPUIPlugin
2025-04-23 09:27:50,353 [INFO] PluginManager:220 - loadIPPluginJar : add gtzc
2025-04-23 09:27:50,401 [INFO] IPUIPlugin:80 - create IPUIPlugin
2025-04-23 09:27:50,401 [INFO] PluginManager:220 - loadIPPluginJar : add hash
2025-04-23 09:27:50,480 [INFO] IPUIPlugin:80 - create IPUIPlugin
2025-04-23 09:27:50,480 [INFO] PluginManager:220 - loadIPPluginJar : add i2c
2025-04-23 09:27:50,528 [INFO] IPUIPlugin:80 - create IPUIPlugin
2025-04-23 09:27:50,528 [INFO] PluginManager:220 - loadIPPluginJar : add i2s
2025-04-23 09:27:50,583 [INFO] IPUIPlugin:80 - create IPUIPlugin
2025-04-23 09:27:50,583 [INFO] PluginManager:220 - loadIPPluginJar : add i3c
2025-04-23 09:27:50,738 [INFO] IPUIPlugin:80 - create IPUIPlugin
2025-04-23 09:27:50,739 [INFO] PluginManager:220 - loadIPPluginJar : add ipddr
2025-04-23 09:27:50,885 [INFO] IPUIPlugin:80 - create IPUIPlugin
2025-04-23 09:27:50,885 [INFO] PluginManager:220 - loadIPPluginJar : add linkedlist
2025-04-23 09:27:50,947 [INFO] IPUIPlugin:80 - create IPUIPlugin
2025-04-23 09:27:50,947 [INFO] PluginManager:220 - loadIPPluginJar : add lorawan
2025-04-23 09:27:51,007 [INFO] IPUIPlugin:80 - create IPUIPlugin
2025-04-23 09:27:51,007 [INFO] PluginManager:220 - loadIPPluginJar : add ltdc
2025-04-23 09:27:51,027 [INFO] IPUIPlugin:80 - create IPUIPlugin
2025-04-23 09:27:51,027 [INFO] PluginManager:220 - loadIPPluginJar : add mdma
2025-04-23 09:27:51,047 [INFO] IPUIPlugin:80 - create IPUIPlugin
2025-04-23 09:27:51,047 [INFO] PluginManager:220 - loadIPPluginJar : add nvic
2025-04-23 09:27:51,100 [INFO] IPUIPlugin:80 - create IPUIPlugin
2025-04-23 09:27:51,100 [INFO] PluginManager:220 - loadIPPluginJar : add opamp
2025-04-23 09:27:51,172 [INFO] IPUIPlugin:80 - create IPUIPlugin
2025-04-23 09:27:51,172 [INFO] PluginManager:220 - loadIPPluginJar : add openamp
2025-04-23 09:27:51,239 [INFO] IPUIPlugin:80 - create IPUIPlugin
2025-04-23 09:27:51,239 [INFO] PluginManager:220 - loadIPPluginJar : add pdm2pcm
2025-04-23 09:27:51,263 [INFO] IPUIPlugin:80 - create IPUIPlugin
2025-04-23 09:27:51,265 [INFO] PluginManager:220 - loadIPPluginJar : add plateformsettings
2025-04-23 09:27:51,289 [INFO] IPUIPlugin:80 - create IPUIPlugin
2025-04-23 09:27:51,289 [INFO] PluginManager:220 - loadIPPluginJar : add quadspi
2025-04-23 09:27:51,329 [INFO] IPUIPlugin:80 - create IPUIPlugin
2025-04-23 09:27:51,329 [INFO] PluginManager:220 - loadIPPluginJar : add radio
2025-04-23 09:27:51,345 [INFO] IPUIPlugin:80 - create IPUIPlugin
2025-04-23 09:27:51,345 [INFO] PluginManager:220 - loadIPPluginJar : add resmgrutility
2025-04-23 09:27:51,411 [INFO] IPUIPlugin:80 - create IPUIPlugin
2025-04-23 09:27:51,412 [INFO] PluginManager:220 - loadIPPluginJar : add sai
2025-04-23 09:27:51,467 [INFO] IPUIPlugin:80 - create IPUIPlugin
2025-04-23 09:27:51,467 [INFO] PluginManager:220 - loadIPPluginJar : add spi
2025-04-23 09:27:51,581 [INFO] IPUIPlugin:80 - create IPUIPlugin
2025-04-23 09:27:51,581 [INFO] PluginManager:220 - loadIPPluginJar : add stm32_wpan
2025-04-23 09:27:51,618 [INFO] IPUIPlugin:80 - create IPUIPlugin
2025-04-23 09:27:51,618 [INFO] PluginManager:220 - loadIPPluginJar : add tim
2025-04-23 09:27:51,690 [INFO] IPUIPlugin:80 - create IPUIPlugin
2025-04-23 09:27:51,692 [INFO] PluginManager:220 - loadIPPluginJar : add touchsensing
2025-04-23 09:27:51,717 [INFO] IPUIPlugin:80 - create IPUIPlugin
2025-04-23 09:27:51,717 [INFO] PluginManager:220 - loadIPPluginJar : add tracer_emb
2025-04-23 09:27:51,753 [INFO] IPUIPlugin:80 - create IPUIPlugin
2025-04-23 09:27:51,753 [INFO] PluginManager:220 - loadIPPluginJar : add ts
2025-04-23 09:27:51,780 [INFO] IPUIPlugin:80 - create IPUIPlugin
2025-04-23 09:27:51,780 [INFO] PluginManager:220 - loadIPPluginJar : add tsc
2025-04-23 09:27:51,801 [INFO] ThirdPartyUpdaterWithRetryManager:70 - Updater plugin not ready yet. [2/15]
2025-04-23 09:27:51,801 [INFO] IPUIPlugin:80 - create IPUIPlugin
2025-04-23 09:27:51,801 [INFO] PluginManager:220 - loadIPPluginJar : add ucpd
2025-04-23 09:27:51,848 [INFO] IPUIPlugin:80 - create IPUIPlugin
2025-04-23 09:27:51,848 [INFO] PluginManager:220 - loadIPPluginJar : add usart
2025-04-23 09:27:51,896 [INFO] IPUIPlugin:80 - create IPUIPlugin
2025-04-23 09:27:51,896 [INFO] PluginManager:220 - loadIPPluginJar : add usbx
2025-04-23 09:27:52,044 [INFO] CADModel:165 - CPN selected for project level
2025-04-23 09:27:52,044 [INFO] CADModel:114 - Register for checkConnection events
2025-04-23 09:27:52,044 [FATAL] Updater:334 - Updater called before beeing initialized
2025-04-23 09:27:52,044 [ERROR] CADModel:125 - Updater not yet initialized, retry later 
2025-04-23 09:27:52,186 [INFO] CADModel:165 - CPN selected for project level
2025-04-23 09:27:52,186 [INFO] CADModel:114 - Register for checkConnection events
2025-04-23 09:27:52,186 [FATAL] Updater:334 - Updater called before beeing initialized
2025-04-23 09:27:52,186 [ERROR] CADModel:125 - Updater not yet initialized, retry later 
2025-04-23 09:27:52,191 [FATAL] Updater:334 - Updater called before beeing initialized
2025-04-23 09:27:52,301 [FATAL] Updater:334 - Updater called before beeing initialized
2025-04-23 09:27:52,317 [INFO] DbMcusAds:53 - JSON generation date=Thu Mar 06 21:54:22 ICT 2025 (1741272862078)
2025-04-23 09:27:52,317 [FATAL] Updater:334 - Updater called before beeing initialized
2025-04-23 09:27:52,364 [WARN] DetailPanel:346 - Failed to get advertising image, set to default
2025-04-23 09:27:52,480 [FATAL] Updater:334 - Updater called before beeing initialized
2025-04-23 09:27:52,480 [FATAL] Updater:334 - Updater called before beeing initialized
2025-04-23 09:27:52,480 [FATAL] Updater:334 - Updater called before beeing initialized
2025-04-23 09:27:52,480 [WARN] DetailPanel:346 - Failed to get advertising image, set to default
2025-04-23 09:27:52,480 [FATAL] Updater:334 - Updater called before beeing initialized
2025-04-23 09:27:52,551 [ERROR] Updater:1164 - MainUpdater not yet initialized. External WinMGr cannot be set.
2025-04-23 09:27:52,568 [INFO] Updater:1100 - Updater Version found : 6.12.0
2025-04-23 09:27:52,583 [INFO] ApplicationProperties:184 - Using Application install path: C:\App\ST\STM32CubeIDE_1.16.0\STM32CubeIDE\plugins\com.st.stm32cube.common.mx_6.12.0.202406281431
2025-04-23 09:27:54,175 [ERROR] LogOutputStream:75 - [STDERR_REDIRECT] Apr 23, 2025 9:27:54 AM java.util.prefs.WindowsPreferences <init>
2025-04-23 09:27:54,176 [ERROR] LogOutputStream:75 - [STDERR_REDIRECT] WARNING: Could not open/create prefs root node Software\JavaSoft\Prefs at root 0xffffffff80000002. Windows RegCreateKeyEx(...) returned error code 5.
2025-04-23 09:27:54,176 [ERROR] LogOutputStream:75 - [STDERR_REDIRECT] 
2025-04-23 09:27:54,553 [INFO] MainUpdater:2873 - connection check result : 10
2025-04-23 09:27:54,555 [INFO] MainUpdater:290 - Updater Check For Update Now.
2025-04-23 09:27:54,555 [INFO] MicroXplorer:498 - Change Database Version : DB.6.0.120
2025-04-23 09:27:54,572 [INFO] McuFinderGlobals:63 - Set McuFinder mode to 2 (CubeIDE integrated)
2025-04-23 09:27:54,580 [INFO] UserAuth:417 - Internet connection configuration mode: 1
2025-04-23 09:27:54,610 [INFO] JxBrowserEngine:152 - Initiate JxBrowser Engine with user profile folder
2025-04-23 09:27:54,782 [INFO] CheckServerUpdateThread:120 - End of CheckServer Thread
2025-04-23 09:27:55,090 [WARN] PackLoader:240 - Cannot read IP mode file for STMicroelectronics.FP-SNS-MOTENVWB1.1.4.0
2025-04-23 09:27:55,112 [WARN] PackLoader:240 - Cannot read IP mode file for STMicroelectronics.FP-ATR-ASTRA1.2.0.2
2025-04-23 09:27:55,128 [WARN] PackLoader:240 - Cannot read IP mode file for STMicroelectronics.FP-ATR-ASTRA1.2.0.1
2025-04-23 09:27:55,148 [WARN] PackLoader:240 - Cannot read IP mode file for STMicroelectronics.X-CUBE-SMBUS.2.1.0
2025-04-23 09:27:55,173 [WARN] PackLoader:240 - Cannot read IP mode file for STMicroelectronics.X-CUBE-WB05N.1.1.0
2025-04-23 09:27:55,218 [WARN] PackLoader:240 - Cannot read IP mode file for STMicroelectronics.X-CUBE-AZRTOS-F7.1.1.0
2025-04-23 09:27:55,310 [WARN] PackLoader:240 - Cannot read IP mode file for STMicroelectronics.X-CUBE-MEMS1.11.0.0
2025-04-23 09:27:55,471 [WARN] PackLoader:240 - Cannot read IP mode file for STMicroelectronics.FP-SNS-FLIGHT1.5.0.2
2025-04-23 09:27:55,485 [WARN] PackLoader:240 - Cannot read IP mode file for STMicroelectronics.X-CUBE-DISPLAY.3.0.0
2025-04-23 09:27:55,507 [WARN] PackLoader:240 - Cannot read IP mode file for STMicroelectronics.X-CUBE-BLE1.7.0.0
2025-04-23 09:27:55,539 [WARN] PackLoader:240 - Cannot read IP mode file for STMicroelectronics.X-CUBE-NFC10.1.0.0
2025-04-23 09:27:55,573 [WARN] PackLoader:240 - Cannot read IP mode file for STMicroelectronics.X-CUBE-BLEMGR.4.0.0
2025-04-23 09:27:55,593 [WARN] PackLoader:240 - Cannot read IP mode file for emotas.I-CUBE-CANOPEN.1.3.0
2025-04-23 09:27:55,636 [WARN] PackLoader:240 - Cannot read IP mode file for STMicroelectronics.X-CUBE-BLEMGR.3.1.0
2025-04-23 09:27:55,662 [WARN] PackLoader:240 - Cannot read IP mode file for STMicroelectronics.X-CUBE-AI.10.0.0
2025-04-23 09:27:55,675 [WARN] PackLoader:240 - Cannot read IP mode file for STMicroelectronics.FP-SNS-SMARTAG2.1.2.0
2025-04-23 09:27:55,691 [ERROR] Engine:466 - C:\Users\Lenovo\.stm32cubemx\thirdparties\pdsc\STMicroelectronics.FP-SNS-FLIGHT1.5.1.0.pdsc: PDSC version is not supported
2025-04-23 09:27:55,738 [WARN] PackLoader:240 - Cannot read IP mode file for STMicroelectronics.X-CUBE-MEMS1.11.1.0
2025-04-23 09:27:55,877 [INFO] LogOutputStream:77 - [STDOUT_REDIRECT] 1 : Invalid condition id : UX_CORESTACK_Condition cause : null
2025-04-23 09:27:55,878 [INFO] LogOutputStream:77 - [STDOUT_REDIRECT] 1 : Invalid condition id : UX_CORESTACK_Condition cause : null
2025-04-23 09:27:55,878 [INFO] LogOutputStream:77 - [STDOUT_REDIRECT] 1 : Invalid condition id : UX_CORESTACK_Condition cause : null
2025-04-23 09:27:55,878 [INFO] LogOutputStream:77 - [STDOUT_REDIRECT] 1 : Invalid condition id : UX_CORESTACK_Condition cause : null
2025-04-23 09:27:55,878 [INFO] LogOutputStream:77 - [STDOUT_REDIRECT] 1 : Invalid condition id : UX_CORESTACK_Condition cause : null
2025-04-23 09:27:55,882 [WARN] PackLoader:240 - Cannot read IP mode file for STMicroelectronics.X-CUBE-AZRTOS-WL.2.0.0
2025-04-23 09:27:55,901 [WARN] PackLoader:240 - Cannot read IP mode file for STMicroelectronics.FP-SNS-MOTENV1.5.0.0
2025-04-23 09:27:55,916 [WARN] PackLoader:240 - Cannot read IP mode file for wolfSSL.I-CUBE-wolfMQTT.1.19.0
2025-04-23 09:27:55,934 [WARN] PackLoader:240 - Cannot read IP mode file for WES.I-CUBE-Cesium.1.3.0
2025-04-23 09:27:55,950 [WARN] PackLoader:240 - Cannot read IP mode file for STMicroelectronics.X-CUBE-BLE2.3.3.0
2025-04-23 09:27:55,964 [WARN] PackLoader:240 - Cannot read IP mode file for STMicroelectronics.X-CUBE-NFC9.1.0.0
2025-04-23 09:27:55,980 [WARN] PackLoader:240 - Cannot read IP mode file for STMicroelectronics.X-CUBE-BLE1.7.1.0
2025-04-23 09:27:55,996 [WARN] PackLoader:240 - Cannot read IP mode file for STMicroelectronics.X-CUBE-TCPP.4.1.0
2025-04-23 09:27:56,049 [WARN] PackLoader:240 - Cannot read IP mode file for STMicroelectronics.X-CUBE-MEMS1.11.2.0
2025-04-23 09:27:56,194 [WARN] PackLoader:240 - Cannot read IP mode file for STMicroelectronics.X-CUBE-AZRTOS-G0.1.1.0
2025-04-23 09:27:56,213 [WARN] PackLoader:240 - Cannot read IP mode file for STMicroelectronics.X-CUBE-SAFEA1.1.2.2
2025-04-23 09:27:56,231 [WARN] PackLoader:240 - Cannot read IP mode file for STMicroelectronics.X-CUBE-NFC4.3.0.0
2025-04-23 09:27:56,250 [WARN] PackLoader:240 - Cannot read IP mode file for EmbeddedOffice.I-CUBE-FS-RTOS.1.0.1
2025-04-23 09:27:56,252 [ERROR] ConditionMgr:805 - Attr not supported : Dmpu
2025-04-23 09:27:56,252 [ERROR] ConditionMgr:805 - Attr not supported : Dmpu
2025-04-23 09:27:56,252 [ERROR] ConditionMgr:805 - Attr not supported : Dmpu
2025-04-23 09:27:56,252 [ERROR] ConditionMgr:805 - Attr not supported : Dmpu
2025-04-23 09:27:56,252 [ERROR] ConditionMgr:805 - Attr not supported : Dmpu
2025-04-23 09:27:56,252 [ERROR] ConditionMgr:805 - Attr not supported : Dmpu
2025-04-23 09:27:56,252 [ERROR] ConditionMgr:805 - Attr not supported : Dmpu
2025-04-23 09:27:56,252 [ERROR] ConditionMgr:805 - Attr not supported : Dmpu
2025-04-23 09:27:56,252 [ERROR] ConditionMgr:805 - Attr not supported : Dmpu
2025-04-23 09:27:56,252 [ERROR] ConditionMgr:805 - Attr not supported : Dmpu
2025-04-23 09:27:56,252 [ERROR] ConditionMgr:805 - Attr not supported : Dmpu
2025-04-23 09:27:56,252 [ERROR] ConditionMgr:805 - Attr not supported : Dmpu
2025-04-23 09:27:56,252 [ERROR] ConditionMgr:805 - Attr not supported : Dmpu
2025-04-23 09:27:56,252 [ERROR] ConditionMgr:805 - Attr not supported : Dmpu
2025-04-23 09:27:56,252 [ERROR] ConditionMgr:805 - Attr not supported : Dmpu
2025-04-23 09:27:56,252 [ERROR] ConditionMgr:805 - Attr not supported : Dmpu
2025-04-23 09:27:56,252 [ERROR] ConditionMgr:805 - Attr not supported : Dmpu
2025-04-23 09:27:56,252 [ERROR] ConditionMgr:805 - Attr not supported : Dmpu
2025-04-23 09:27:56,252 [ERROR] ConditionMgr:805 - Attr not supported : Dmpu
2025-04-23 09:27:56,252 [ERROR] ConditionMgr:805 - Attr not supported : Dmpu
2025-04-23 09:27:56,252 [ERROR] ConditionMgr:805 - Attr not supported : Dmpu
2025-04-23 09:27:56,252 [ERROR] ConditionMgr:805 - Attr not supported : Dmpu
2025-04-23 09:27:56,252 [ERROR] ConditionMgr:805 - Attr not supported : Dmpu
2025-04-23 09:27:56,252 [ERROR] ConditionMgr:805 - Attr not supported : Dmpu
2025-04-23 09:27:56,252 [ERROR] ConditionMgr:805 - Attr not supported : Dmpu
2025-04-23 09:27:56,252 [ERROR] ConditionMgr:805 - Attr not supported : Dmpu
2025-04-23 09:27:56,252 [ERROR] ConditionMgr:805 - Attr not supported : Dmpu
2025-04-23 09:27:56,252 [ERROR] ConditionMgr:805 - Attr not supported : Dmpu
2025-04-23 09:27:56,252 [ERROR] ConditionMgr:805 - Attr not supported : Dmpu
2025-04-23 09:27:56,252 [ERROR] ConditionMgr:805 - Attr not supported : Dmpu
2025-04-23 09:27:56,252 [ERROR] ConditionMgr:805 - Attr not supported : Dmpu
2025-04-23 09:27:56,252 [ERROR] ConditionMgr:805 - Attr not supported : Dmpu
2025-04-23 09:27:56,252 [ERROR] ConditionMgr:805 - Attr not supported : Dmpu
2025-04-23 09:27:56,252 [ERROR] ConditionMgr:805 - Attr not supported : Dmpu
2025-04-23 09:27:56,252 [ERROR] ConditionMgr:805 - Attr not supported : Dmpu
2025-04-23 09:27:56,252 [ERROR] ConditionMgr:805 - Attr not supported : Dmpu
2025-04-23 09:27:56,252 [ERROR] ConditionMgr:805 - Attr not supported : Dmpu
2025-04-23 09:27:56,252 [ERROR] ConditionMgr:805 - Attr not supported : Dmpu
2025-04-23 09:27:56,252 [ERROR] ConditionMgr:805 - Attr not supported : Dmpu
2025-04-23 09:27:56,252 [ERROR] ConditionMgr:805 - Attr not supported : Dmpu
2025-04-23 09:27:56,252 [ERROR] ConditionMgr:805 - Attr not supported : Dmpu
2025-04-23 09:27:56,252 [ERROR] ConditionMgr:805 - Attr not supported : Dmpu
2025-04-23 09:27:56,252 [ERROR] ConditionMgr:805 - Attr not supported : Dmpu
2025-04-23 09:27:56,252 [ERROR] ConditionMgr:805 - Attr not supported : Dmpu
2025-04-23 09:27:56,252 [ERROR] ConditionMgr:805 - Attr not supported : Dmpu
2025-04-23 09:27:56,252 [ERROR] ConditionMgr:805 - Attr not supported : Dmpu
2025-04-23 09:27:56,252 [ERROR] ConditionMgr:805 - Attr not supported : Dmpu
2025-04-23 09:27:56,252 [ERROR] ConditionMgr:805 - Attr not supported : Dmpu
2025-04-23 09:27:56,252 [ERROR] ConditionMgr:805 - Attr not supported : Dmpu
2025-04-23 09:27:56,252 [ERROR] ConditionMgr:805 - Attr not supported : Dmpu
2025-04-23 09:27:56,252 [ERROR] ConditionMgr:805 - Attr not supported : Dmpu
2025-04-23 09:27:56,252 [ERROR] ConditionMgr:805 - Attr not supported : Dmpu
2025-04-23 09:27:56,252 [ERROR] ConditionMgr:805 - Attr not supported : Dmpu
2025-04-23 09:27:56,252 [ERROR] ConditionMgr:805 - Attr not supported : Dmpu
2025-04-23 09:27:56,252 [ERROR] ConditionMgr:805 - Attr not supported : Dmpu
2025-04-23 09:27:56,252 [ERROR] ConditionMgr:805 - Attr not supported : Dmpu
2025-04-23 09:27:56,252 [ERROR] ConditionMgr:805 - Attr not supported : Dmpu
2025-04-23 09:27:56,252 [ERROR] ConditionMgr:805 - Attr not supported : Dmpu
2025-04-23 09:27:56,252 [ERROR] ConditionMgr:805 - Attr not supported : Dmpu
2025-04-23 09:27:56,252 [ERROR] ConditionMgr:805 - Attr not supported : Dmpu
2025-04-23 09:27:56,252 [ERROR] ConditionMgr:805 - Attr not supported : Dmpu
2025-04-23 09:27:56,252 [ERROR] ConditionMgr:805 - Attr not supported : Dmpu
2025-04-23 09:27:56,252 [ERROR] ConditionMgr:805 - Attr not supported : Dmpu
2025-04-23 09:27:56,252 [ERROR] ConditionMgr:805 - Attr not supported : Dmpu
2025-04-23 09:27:56,270 [WARN] PackLoader:240 - Cannot read IP mode file for STMicroelectronics.X-CUBE-WB05N.2.0.0
2025-04-23 09:27:56,282 [ERROR] Engine:466 - C:\Users\Lenovo\.stm32cubemx\thirdparties\pdsc\STMicroelectronics.X-CUBE-TCPP.4.2.0.pdsc: PDSC version is not supported
2025-04-23 09:27:56,299 [WARN] PackLoader:240 - Cannot read IP mode file for RealThread.X-CUBE-RT-Thread_Nano.4.1.1
2025-04-23 09:27:56,309 [WARN] PackLoader:240 - Cannot read IP mode file for wolfSSL.I-CUBE-wolfSSL.5.7.0
2025-04-23 09:27:56,331 [WARN] PackLoader:240 - Cannot read IP mode file for STMicroelectronics.FP-ATR-SIGFOX1.3.2.0
2025-04-23 09:27:56,345 [WARN] ConditionMgr:438 - getConditionDescription Invalid condition id : Cortex-A Device cause : null
2025-04-23 09:27:56,368 [WARN] ConditionMgr:1039 - genDependencies : Invalid condition id : Cortex-A Device cause : null
2025-04-23 09:27:56,368 [WARN] ConditionMgr:1039 - genDependencies : Invalid condition id : Cortex-A Device cause : null
2025-04-23 09:27:56,368 [WARN] ConditionMgr:1039 - genDependencies : Invalid condition id : Cortex-A Device cause : null
2025-04-23 09:27:56,386 [WARN] PackLoader:240 - Cannot read IP mode file for STMicroelectronics.X-CUBE-EEPRMA1.5.1.0
2025-04-23 09:27:56,405 [WARN] PackLoader:240 - Cannot read IP mode file for ITTIA_DB.I-CUBE-ITTIADB.8.9.0
2025-04-23 09:27:56,441 [WARN] PackLoader:240 - Cannot read IP mode file for SEGGER.I-CUBE-embOS.1.3.1
2025-04-23 09:27:56,504 [WARN] PackLoader:240 - Cannot read IP mode file for STMicroelectronics.X-CUBE-ALGOBUILD.1.4.0
2025-04-23 09:27:56,519 [WARN] PackLoader:240 - Cannot read IP mode file for STMicroelectronics.X-CUBE-AI.9.1.0
2025-04-23 09:27:56,538 [WARN] PackLoader:240 - Cannot read IP mode file for STMicroelectronics.X-CUBE-GNSS1.6.0.0
2025-04-23 09:27:56,567 [WARN] PackLoader:240 - Cannot read IP mode file for STMicroelectronics.X-CUBE-AZRTOS-F4.1.1.0
2025-04-23 09:27:56,586 [ERROR] Engine:466 - C:\Users\Lenovo\.stm32cubemx\thirdparties\pdsc\Avnet-IotConnect.X-CUBE-IoTC-DA16k-PMOD.1.0.0.pdsc: PDSC version is not supported
2025-04-23 09:27:56,602 [WARN] PackLoader:240 - Cannot read IP mode file for STMicroelectronics.X-CUBE-ISPU.2.1.0
2025-04-23 09:27:56,618 [WARN] PackLoader:240 - Cannot read IP mode file for STMicroelectronics.X-CUBE-FREERTOS.1.2.0
2025-04-23 09:27:56,649 [WARN] PackLoader:240 - Cannot read IP mode file for STMicroelectronics.X-CUBE-AZRTOS-L5.2.0.0
2025-04-23 09:27:56,673 [WARN] PackLoader:240 - Cannot read IP mode file for STMicroelectronics.X-CUBE-NFC6.3.1.0
2025-04-23 09:27:56,686 [WARN] PackLoader:240 - Cannot read IP mode file for STMicroelectronics.X-CUBE-DPower.1.2.0
2025-04-23 09:27:56,707 [WARN] PackLoader:240 - Cannot read IP mode file for STMicroelectronics.X-CUBE-AI.9.0.0
2025-04-23 09:27:56,724 [WARN] PackLoader:240 - Cannot read IP mode file for STMicroelectronics.X-CUBE-FREERTOS.1.3.0
2025-04-23 09:27:56,740 [WARN] PackLoader:240 - Cannot read IP mode file for STMicroelectronics.X-CUBE-NFC7.1.0.1
2025-04-23 09:27:56,756 [WARN] PackLoader:240 - Cannot read IP mode file for wolfSSL.I-CUBE-wolfTPM.3.2.0
2025-04-23 09:27:56,774 [WARN] PackLoader:240 - Cannot read IP mode file for STMicroelectronics.X-CUBE-DPower.1.3.0
2025-04-23 09:27:56,808 [WARN] ConditionMgr:438 - getConditionDescription Invalid condition id : LAN8742 Phy interface Condition cause : null
2025-04-23 09:27:56,808 [WARN] PackLoader:240 - Cannot read IP mode file for STMicroelectronics.X-CUBE-AZRTOS-L4.2.0.0
2025-04-23 09:27:56,808 [WARN] ConditionMgr:1039 - genDependencies : Invalid condition id : LAN8742 Phy interface Condition cause : null
2025-04-23 09:27:56,808 [WARN] ConditionMgr:1039 - genDependencies : Invalid condition id : LAN8742 Phy interface Condition cause : null
2025-04-23 09:27:56,808 [WARN] ConditionMgr:1039 - genDependencies : Invalid condition id : LAN8742 Phy interface Condition cause : null
2025-04-23 09:27:56,826 [WARN] PackLoader:240 - Cannot read IP mode file for STMicroelectronics.X-CUBE-SFXS2LP1.4.0.0
2025-04-23 09:27:56,861 [WARN] PackLoader:240 - Cannot read IP mode file for STMicroelectronics.X-CUBE-AZRTOS-H7.3.3.0
2025-04-23 09:27:56,893 [WARN] PackLoader:240 - Cannot read IP mode file for STMicroelectronics.X-CUBE-IPS.3.0.0
2025-04-23 09:27:56,922 [WARN] ConditionMgr:438 - getConditionDescription Invalid condition id : UX DEVICE CLASS RTOS Condition cause : null
2025-04-23 09:27:56,922 [WARN] ConditionMgr:438 - getConditionDescription Invalid condition id : UX DEVICE CLASS RTOS Condition cause : null
2025-04-23 09:27:56,924 [WARN] PackLoader:240 - Cannot read IP mode file for STMicroelectronics.X-CUBE-AZRTOS-WB.2.0.0
2025-04-23 09:27:56,924 [WARN] ConditionMgr:1039 - genDependencies : Invalid condition id : UX DEVICE CLASS RTOS Condition cause : null
2025-04-23 09:27:56,924 [WARN] ConditionMgr:1039 - genDependencies : Invalid condition id : UX DEVICE CLASS RTOS Condition cause : null
2025-04-23 09:27:56,924 [WARN] ConditionMgr:1039 - genDependencies : Invalid condition id : UX DEVICE CLASS RTOS Condition cause : null
2025-04-23 09:27:56,924 [WARN] ConditionMgr:1039 - genDependencies : Invalid condition id : UX DEVICE CLASS RTOS Condition cause : null
2025-04-23 09:27:56,924 [WARN] ConditionMgr:1039 - genDependencies : Invalid condition id : UX DEVICE CLASS RTOS Condition cause : null
2025-04-23 09:27:56,939 [WARN] PackLoader:240 - Cannot read IP mode file for STMicroelectronics.X-CUBE-GNSS1.7.0.0
2025-04-23 09:27:56,955 [WARN] PackLoader:240 - Cannot read IP mode file for STMicroelectronics.X-CUBE-GNSS1.7.0.1
2025-04-23 09:27:56,979 [WARN] PackLoader:240 - Cannot read IP mode file for STMicroelectronics.X-CUBE-TOUCHGFX.4.25.0
2025-04-23 09:27:56,997 [WARN] PackLoader:240 - Cannot read IP mode file for STMicroelectronics.FP-SNS-STBOX1.2.0.0
2025-04-23 09:27:57,020 [WARN] PackLoader:240 - Cannot read IP mode file for STMicroelectronics.X-CUBE-SUBG2.5.0.0
2025-04-23 09:27:57,059 [WARN] PackLoader:240 - Cannot read IP mode file for STMicroelectronics.X-CUBE-AZRTOS-H7RS.1.1.0
2025-04-23 09:27:57,079 [WARN] PackLoader:240 - Cannot read IP mode file for Cesanta.I-CUBE-Mongoose.7.13.0
2025-04-23 09:27:57,102 [WARN] PackLoader:240 - Cannot read IP mode file for STMicroelectronics.X-CUBE-AZRTOS-G4.2.0.0
2025-04-23 09:27:57,119 [WARN] PackLoader:240 - Cannot read IP mode file for STMicroelectronics.X-CUBE-ISPU.2.0.0
2025-04-23 09:27:57,138 [ERROR] Engine:466 - C:\Users\Lenovo\.stm32cubemx\thirdparties\pdsc\STMicroelectronics.X-CUBE-IPS.3.1.0.pdsc: PDSC version is not supported
2025-04-23 09:27:57,152 [WARN] PackLoader:240 - Cannot read IP mode file for STMicroelectronics.X-CUBE-ALS.1.0.2
2025-04-23 09:27:57,202 [WARN] PackLoader:240 - Cannot read IP mode file for STMicroelectronics.X-CUBE-MEMS1.10.0.0
2025-04-23 09:27:57,314 [WARN] PackLoader:240 - Cannot read IP mode file for STMicroelectronics.X-CUBE-TOUCHGFX.4.24.0
2025-04-23 09:27:57,330 [WARN] PackLoader:240 - Cannot read IP mode file for STMicroelectronics.X-CUBE-TOUCHGFX.4.24.2
2025-04-23 09:27:57,345 [WARN] PackLoader:240 - Cannot read IP mode file for STMicroelectronics.X-CUBE-TOUCHGFX.4.24.1
2025-04-23 09:27:57,360 [WARN] PackLoader:240 - Cannot read IP mode file for portGmbH.I-Cube-SoM-uGOAL.1.1.0
2025-04-23 09:27:57,391 [WARN] PackLoader:240 - Cannot read IP mode file for STMicroelectronics.X-CUBE-AZRTOS-H7RS.1.0.0
2025-04-23 09:27:57,409 [WARN] PackLoader:240 - Cannot read IP mode file for STMicroelectronics.FP-ATR-ASTRA1.2.0.0
2025-04-23 09:27:57,430 [WARN] PackLoader:240 - Cannot read IP mode file for STMicroelectronics.X-CUBE-TOF1.3.4.2
2025-04-23 09:27:57,452 [ERROR] Engine:466 - C:\Users\Lenovo\.stm32cubemx\thirdparties\pdsc\STMicroelectronics.X-CUBE-TOF1.3.4.3.pdsc: PDSC version is not supported
2025-04-23 09:27:57,475 [WARN] PackLoader:240 - Cannot read IP mode file for STMicroelectronics.X-CUBE-TOF1.3.4.1
2025-04-23 09:27:57,515 [WARN] PackLoader:240 - Cannot read IP mode file for STMicroelectronics.X-CUBE-AZRTOS-H7.3.2.0
2025-04-23 09:27:57,544 [WARN] PackLoader:240 - Cannot read IP mode file for Infineon.AIROC-Wi-Fi-Bluetooth-STM32.1.6.0
2025-04-23 09:27:57,562 [WARN] PackLoader:240 - Cannot read IP mode file for wolfSSL.I-CUBE-wolfSSH.1.4.17
2025-04-23 09:27:57,562 [INFO] ThirdParty:978 - Integrity check success = true
2025-04-23 09:27:57,562 [INFO] IntegrityCheckThread:100 - exiting critical section [integrity check]
2025-04-23 09:27:57,562 [INFO] IntegrityCheckThread:103 - End integrity checks thread
2025-04-23 09:27:58,427 [INFO] WebApp:167 - Instantiating new browser for Auth
2025-04-23 09:28:00,299 [INFO] WebApp:448 - Apply proxy settings
2025-04-23 09:28:00,299 [INFO] WebApp:533 - Chromium requires no authentication
2025-04-23 09:28:00,312 [INFO] WebApp:476 - Direct internet connection detected
2025-04-23 09:28:00,340 [INFO] WebApp:869 - Register for checkConnection events
2025-04-23 09:28:00,341 [INFO] WebApp:448 - Apply proxy settings
2025-04-23 09:28:00,341 [INFO] WebApp:533 - Chromium requires no authentication
2025-04-23 09:28:00,341 [INFO] WebApp:476 - Direct internet connection detected
2025-04-23 09:28:00,556 [INFO] WebApp:186 - Connection restablished
2025-04-23 09:28:00,584 [INFO] WebApp:220 - Starting web application
2025-04-23 09:28:00,584 [INFO] WebApp:578 - Web application path used C:\App\ST\STM32CubeIDE_1.16.0\STM32CubeIDE\plugins\com.st.stm32cube.common.mx_6.12.0.202406281431\db\plugins\mcufinder\reactClient1\index.html
2025-04-23 09:28:00,711 [INFO] UserAuth:417 - Internet connection configuration mode: 1
2025-04-23 13:34:43,024 [INFO] WebApp:189 - Connection lost
2025-04-23 17:06:48,867 [INFO] WebApp:186 - Connection restablished
2025-04-23 17:06:48,976 [INFO] WebApp:189 - Connection lost
2025-04-23 17:06:49,132 [INFO] WebApp:186 - Connection restablished
2025-04-23 17:06:51,027 [INFO] WebApp:189 - Connection lost
2025-04-23 17:06:54,692 [INFO] WebApp:186 - Connection restablished
2025-04-23 17:06:57,671 [INFO] WebApp:189 - Connection lost
2025-04-23 17:06:57,822 [INFO] WebApp:186 - Connection restablished
2025-04-23 17:06:59,384 [INFO] WebApp:189 - Connection lost
2025-04-23 17:06:59,520 [INFO] WebApp:186 - Connection restablished
2025-04-23 17:07:02,533 [INFO] WebApp:189 - Connection lost
2025-04-23 17:07:02,678 [INFO] WebApp:186 - Connection restablished
2025-04-23 17:07:44,391 [INFO] WebApp:189 - Connection lost
2025-04-23 17:07:44,554 [INFO] WebApp:186 - Connection restablished
2025-04-23 17:07:50,133 [INFO] WebApp:189 - Connection lost
2025-04-23 17:07:50,266 [INFO] WebApp:186 - Connection restablished
2025-04-23 17:08:57,823 [INFO] WebApp:189 - Connection lost
2025-04-23 17:08:57,978 [INFO] WebApp:186 - Connection restablished
2025-04-23 17:09:00,897 [INFO] WebApp:189 - Connection lost
2025-04-23 17:09:01,031 [INFO] WebApp:186 - Connection restablished
2025-04-23 17:21:42,847 [INFO] McuFinderGlobals:63 - Set McuFinder mode to 2 (CubeIDE integrated)
2025-04-23 17:21:43,010 [INFO] MainUpdater:2873 - connection check result : 10
2025-04-23 17:21:43,017 [INFO] MainUpdater:2873 - connection check result : 10
2025-04-23 17:21:43,240 [INFO] RulesReader:64 - Compatibility file has been processed (297 Rules)
2025-04-23 17:21:43,249 [INFO] RulesReader:64 - Compatibility file has been processed (297 Rules)
2025-04-23 17:21:43,254 [INFO] MicroXplorer:468 - Change Database Path : 
2025-04-23 17:21:43,254 [INFO] MicroXplorer:498 - Change Database Version : DB.6.0.120
2025-04-23 17:21:43,261 [WARN] ThirdParty:871 - waiting for thirdparty lock release [close project]
2025-04-23 17:21:43,261 [INFO] ThirdParty:873 - entering critical section [close project]
2025-04-23 17:21:43,262 [INFO] ThirdParty:883 - exiting critical section [close project]
2025-04-23 17:21:43,265 [INFO] PinOutPanel:1561 - setPackage(No Configuration,No Configuration)
2025-04-23 17:21:43,269 [INFO] UtilMem:75 - Begin LoadConfig() Used Memory: 657713080 Bytes (1073741824)
2025-04-23 17:21:43,270 [INFO] MicroXplorer:468 - Change Database Path : 
2025-04-23 17:21:43,271 [INFO] MicroXplorer:498 - Change Database Version : DB.6.0.120
2025-04-23 17:21:43,271 [INFO] OpenFileManager:332 - Change cursor
2025-04-23 17:21:43,322 [INFO] Mcu:2032 - Initializing MCU STM32F103C(8-B)Tx STM32F103C8Tx STM32F103C8T6
2025-04-23 17:21:44,143 [INFO] Context:742 - Trying to add GPIOservice into a context  which must be forbidden
2025-04-23 17:21:44,474 [INFO] RtosManager:555 - Registered RTOS mode: class=CMSIS, group=RTOS, mode=CMSIS_V1, owner=FREERTOS
2025-04-23 17:21:44,474 [INFO] RtosManager:555 - Registered RTOS mode: class=CMSIS, group=RTOS2, mode=CMSIS_V2, owner=FREERTOS
2025-04-23 17:21:44,474 [INFO] RtosManager:555 - Registered RTOS mode: class=RTOS, group=Core, mode=CMSIS_V1, owner=FREERTOS
2025-04-23 17:21:44,474 [INFO] RtosManager:555 - Registered RTOS mode: class=RTOS, group=Core, mode=CMSIS_V2, owner=FREERTOS
2025-04-23 17:21:44,474 [WARN] ModelIntegratedComponent:184 - Missing modes for component STMicroelectronics:FreeRTOS:0.0.1:STMicroelectronics:RTOS:FreeRTOS:Core:::10.2.0:
2025-04-23 17:21:44,477 [WARN] ModelIntegratedComponent:63 - No mode defined for component null
2025-04-23 17:21:44,477 [WARN] ModelIntegratedComponent:63 - No mode defined for component null
2025-04-23 17:21:44,477 [WARN] ModelIntegratedComponent:63 - No mode defined for component null
2025-04-23 17:21:44,479 [WARN] ModelIntegratedComponent:63 - No mode defined for component null
2025-04-23 17:21:44,479 [WARN] ModelIntegratedComponent:63 - No mode defined for component null
2025-04-23 17:21:44,479 [WARN] ModelIntegratedComponent:63 - No mode defined for component null
2025-04-23 17:21:44,479 [WARN] ModelIntegratedComponent:63 - No mode defined for component null
2025-04-23 17:21:44,479 [WARN] ModelIntegratedComponent:63 - No mode defined for component null
2025-04-23 17:21:44,479 [WARN] ModelIntegratedComponent:63 - No mode defined for component null
2025-04-23 17:21:44,479 [WARN] ModelIntegratedComponent:63 - No mode defined for component null
2025-04-23 17:21:44,479 [WARN] ModelIntegratedComponent:63 - No mode defined for component null
2025-04-23 17:21:44,479 [WARN] ModelIntegratedComponent:63 - No mode defined for component null
2025-04-23 17:21:44,479 [WARN] ModelIntegratedComponent:63 - No mode defined for component null
2025-04-23 17:21:44,479 [WARN] ModelIntegratedComponent:63 - No mode defined for component null
2025-04-23 17:21:44,479 [WARN] ModelIntegratedComponent:63 - No mode defined for component null
2025-04-23 17:21:44,479 [WARN] ModelIntegratedComponent:63 - No mode defined for component null
2025-04-23 17:21:44,479 [WARN] ModelIntegratedComponent:63 - No mode defined for component null
2025-04-23 17:21:44,479 [WARN] ModelIntegratedComponent:63 - No mode defined for component null
2025-04-23 17:21:44,479 [WARN] ModelIntegratedComponent:63 - No mode defined for component null
2025-04-23 17:21:44,479 [WARN] ModelIntegratedComponent:63 - No mode defined for component null
2025-04-23 17:21:44,479 [WARN] ModelIntegratedComponent:63 - No mode defined for component null
2025-04-23 17:21:44,479 [WARN] ModelIntegratedComponent:63 - No mode defined for component null
2025-04-23 17:21:44,479 [WARN] ModelIntegratedComponent:63 - No mode defined for component null
2025-04-23 17:21:44,479 [WARN] ModelIntegratedComponent:63 - No mode defined for component null
2025-04-23 17:21:44,479 [WARN] ModelIntegratedComponent:63 - No mode defined for component null
2025-04-23 17:21:44,479 [WARN] ModelIntegratedComponent:63 - No mode defined for component null
2025-04-23 17:21:44,479 [WARN] ModelIntegratedComponent:63 - No mode defined for component null
2025-04-23 17:21:44,479 [WARN] ModelIntegratedComponent:63 - No mode defined for component null
2025-04-23 17:21:44,479 [WARN] ModelIntegratedComponent:63 - No mode defined for component null
2025-04-23 17:21:44,479 [WARN] ModelIntegratedComponent:63 - No mode defined for component null
2025-04-23 17:21:44,479 [WARN] ModelIntegratedComponent:63 - No mode defined for component null
2025-04-23 17:21:44,479 [WARN] ModelIntegratedComponent:63 - No mode defined for component null
2025-04-23 17:21:44,479 [WARN] ModelIntegratedComponent:63 - No mode defined for component null
2025-04-23 17:21:44,479 [WARN] ModelIntegratedComponent:63 - No mode defined for component null
2025-04-23 17:21:44,479 [WARN] ModelIntegratedComponent:63 - No mode defined for component null
2025-04-23 17:21:44,479 [WARN] ModelPack:524 - Component already loaded: STMicroelectronics:HAL Drivers:0.0.0:STMicroelectronics:Device:STMicro_Driver:XSPI:HAL::0.0.1:HAL_XSPI
2025-04-23 17:21:44,624 [INFO] ThirdPartyModel:298 - Start build external matchings
2025-04-23 17:21:45,321 [INFO] ThirdPartyModel:316 - End build external matchings
2025-04-23 17:21:45,348 [INFO] ImportTextPane:205 - (OptionalMessage_ERROR) IP (RCC) : Invalid parameter (FamilyName)
2025-04-23 17:21:45,607 [INFO] ApiDb:581 - Connected to CubeFinder SQLite database (C:\Users\Lenovo\.stmcufinder\plugins\mcufinder\mcu\cube-finder-db.db)
2025-04-23 17:21:45,688 [INFO] ApiDb:668 - CubeFinder database Data Model version=2.1
2025-04-23 17:21:45,689 [INFO] ApiDb:669 - CubeFinder database Configuration version=3.0.39
2025-04-23 17:21:45,689 [INFO] ApiDb:670 - CubeFinder database generation date=2025-03-24 (1742811287)
2025-04-23 17:21:45,689 [INFO] ApiDb:671 - CubeFinder database FW Pack versions=[FP-ATR-ASTRA1_V2.0.0, FP-SNS-FLIGHT1_V5.0.2, FP-SNS-MOTENV1_V5.0.0, FP-SNS-MOTENVWB1_V1.4.0, FP-SNS-SMARTAG2_V1.2.0, FP-SNS-STBOX1_V2.0.0, STM32Cube_FW_C0_V1.4.0, STM32Cube_FW_F4_V1.28.1, STM32Cube_FW_F7_V1.17.2, STM32Cube_FW_G0_V1.6.2, STM32Cube_FW_G4_V1.6.1, STM32Cube_FW_H5_V1.5.0, STM32Cube_FW_H7RS_V1.2.0, STM32Cube_FW_H7_V1.12.1, STM32Cube_FW_L0_V1.12.2, STM32Cube_FW_L4_V1.18.1, STM32Cube_FW_L5_V1.5.1, STM32Cube_FW_N6_V1.1.0, STM32Cube_FW_U0_V1.2.0, STM32Cube_FW_U3_V1.1.0, STM32Cube_FW_U5_V1.7.0, STM32Cube_FW_WB0_V1.2.0, STM32Cube_FW_WBA_V1.6.0, STM32Cube_FW_WB_V1.22.0, STM32Cube_FW_WL3_V1.1.0, STM32Cube_FW_WL_V1.3.1, X-CUBE-ALGOBUILD_V1.4.0, X-CUBE-ALS_V1.0.2, X-CUBE-AZRTOS-F4_V1.1.0, X-CUBE-AZRTOS-F7_V1.1.0, X-CUBE-AZRTOS-G0_V1.1.0, X-CUBE-AZRTOS-G4_V2.0.0, X-CUBE-AZRTOS-H7RS_V1.0.0, X-CUBE-AZRTOS-H7_V3.3.0, X-CUBE-AZRTOS-L4_V2.0.0, X-CUBE-AZRTOS-L5_V2.0.0, X-CUBE-AZRTOS-WB_V2.0.0, X-CUBE-AZRTOS-WL_V2.0.0, X-CUBE-BLE1_V7.1.0, X-CUBE-BLE2_V3.3.0, X-CUBE-BLEMGR_V4.0.0, X-CUBE-EEPRMA1_V5.1.0, X-CUBE-FREERTOS_V1.3.0, X-CUBE-GNSS1_V6.0.0, X-CUBE-MEMS1_V11.1.0, X-CUBE-NFC4_V3.0.0, X-CUBE-NFC7_V1.0.1, X-CUBE-SFXS2LP1_V4.0.0, X-CUBE-SUBG2_V5.0.0, X-CUBE-TOF1_V3.4.2]
2025-04-23 17:21:45,792 [INFO] DbBoardsSqlite:226 - include board P-NUCLEO-WB55-NUCLEO as a kit item of type 'Nucleo-64'
2025-04-23 17:21:45,792 [INFO] DbBoardsSqlite:226 - include board P-NUCLEO-WB55-USBDONGLE as a kit item of type 'Nucleo USB Dongle'
2025-04-23 17:21:45,793 [INFO] DbBoardsSqlite:226 - include board STEVAL-IDP005V1 as a kit item of type 'Evaluation Board'
2025-04-23 17:21:45,793 [INFO] DbBoardsSqlite:226 - include board STEVAL-IDP005V2 as a kit item of type 'Evaluation Board'
2025-04-23 17:21:46,119 [INFO] ApiDb:240 - Found 646 in-development CPN: [B-G473E-ZEST1S, B-WB1M-WPAN1, B-WL5M-SUBG1, NUCLEO-C031C6, NUCLEO-C071RB, NUCLEO-H503RB, NUCLEO-H533RE, NUCLEO-H563ZI, NUCLEO-H7S3L8, NUCLEO-U031R8, NUCLEO-U083RC, NUCLEO-U545RE-Q, NUCLEO-U5A5ZJ-Q, NUCLEO-WB05KZ, NUCLEO-WB07CC, NUCLEO-WB09KE, NUCLEO-WBA52CG, NUCLEO-WBA55CG, STEVAL-PROTEUS1, STEVAL-SMARTAG2, STEVAL-STWINBX1, STM320518-EVAL, STM32C0116-DK, STM32C011D6Y3TR, STM32C011D6Y6TR, STM32C011F4P3, STM32C011F4P6, STM32C011F4U3, STM32C011F4U6TR, STM32C011F6P3, STM32C011F6P6, STM32C011F6U3, STM32C011F6U6TR, STM32C011J4M3, STM32C011J4M6, STM32C011J6M3, STM32C011J6M6, STM32C0316-DK, STM32C031C4T3, STM32C031C4T6, STM32C031C4U3, STM32C031C4U6, STM32C031C6T3, STM32C031C6T6, STM32C031C6U3, STM32C031C6U6, STM32C031F4P3, STM32C031F4P6, STM32C031F6P3, STM32C031F6P6, STM32C031G4U3, STM32C031G4U6, STM32C031G6U3, STM32C031G6U6, STM32C031K4T3, STM32C031K4T6, STM32C031K4U3, STM32C031K4U6, STM32C031K6T3, STM32C031K6T6, STM32C031K6U3, STM32C031K6U6, STM32C071C8T6, STM32C071C8T6N, STM32C071C8U6, STM32C071C8U6N, STM32C071CBT6, STM32C071CBT6N, STM32C071CBU6, STM32C071CBU6N, STM32C071F8P6, STM32C071F8P6N, STM32C071FBP6, STM32C071FBP6N, STM32C071FBY6TR, STM32C071G8U6, STM32C071G8U6N, STM32C071GBU6, STM32C071GBU6N, STM32C071K8T6, STM32C071K8T6N, STM32C071K8U6, STM32C071K8U6N, STM32C071KBT6, STM32C071KBT6N, STM32C071KBU6, STM32C071KBU6N, STM32C071R8T6, STM32C071R8T6N, STM32C071RBI6N, STM32C071RBT6, STM32C071RBT6N, STM32G071K8TXN, STM32G071K8UXN, STM32G081GBU6N, STM32G081KBT6N, STM32G081KBUXN, STM32G0B1CCT6N, STM32G0B1KCT6, STM32G0B1NEY6TR, STM32G0B1RCT6N, STM32G0C1CCT6, STM32G0C1CCT6N, STM32G0C1CCU6N, STM32G0C1CET6N, STM32G0C1CEU6N, STM32G0C1KCT6, STM32G0C1NEY6TR, STM32G0C1RCI6N, STM32G0C1RCT6N, STM32G0C1REI6N, STM32G0C1RET6N, STM32G0C1VCI6, STM32G0C1VEI6, STM32G411C6T3, STM32G411C6T6, STM32G411C6U3, STM32G411C6U6, STM32G411C8T3, STM32G411C8T6, STM32G411C8U3, STM32G411C8U6, STM32G411CBT3, STM32G411CBT6, STM32G411CBU3, STM32G411CBU6, STM32G411K6T3, STM32G411K6T6, STM32G411K6U3, STM32G411K6U6, STM32G411K8T3, STM32G411K8T6, STM32G411K8U3, STM32G411K8U6, STM32G411KBT3, STM32G411KBT6, STM32G411KBU3, STM32G411KBU6, STM32G411M6T3, STM32G411M6T6, STM32G411M8T3, STM32G411M8T6, STM32G411MBT3, STM32G411MBT6, STM32G411R6T3, STM32G411R6T6, STM32G411R8T3, STM32G411R8T6, STM32G411RBT3, STM32G411RBT6, STM32G414CBT3, STM32G414CBT6, STM32G414CBU3, STM32G414CBU6, STM32G414CCT3, STM32G414CCT6, STM32G414CCU3, STM32G414CCU6, STM32G414MBT3, STM32G414MBT6, STM32G414MCT3, STM32G414MCT6, STM32G414RBT3, STM32G414RBT6, STM32G414RCT3, STM32G414RCT6, STM32G414VBT3, STM32G414VBT6, STM32G414VCT3, STM32G414VCT6, STM32G431CBT3Z, STM32G431RBT3Z, STM32G471CCT6, STM32G471CCU6, STM32G471CET3, STM32G471CET6, STM32G471CEU3, STM32G471CEU6, STM32G471MCT6, STM32G471MET3, STM32G471MET6, STM32G471MEY6TR, STM32G471QCT6, STM32G471QET3, STM32G471RCT6, STM32G471RET3, STM32G471RET6, STM32G471VCH6, STM32G471VCI6, STM32G471VCT6, STM32G471VEH3, STM32G471VEH6, STM32G471VEI3, STM32G471VEI6, STM32G471VET3, STM32G471VET6, STM32G473QET3Z, STM32G473RET3Z, STM32G474CCT6, STM32G491RET3Z, STM32H503CBT6, STM32H503CBU6, STM32H503EBY6TR, STM32H503KBU6, STM32H503RBT6, STM32H523CCT6, STM32H523CCU6, STM32H523CET6, STM32H523CEU6, STM32H523HEY6TR, STM32H523RCT6, STM32H523RET6, STM32H523VCI6, STM32H523VCT6, STM32H523VEI6, STM32H523VET6, STM32H523ZCJ6, STM32H523ZCT6, STM32H523ZEJ6, STM32H523ZET6, STM32H533CET6, STM32H533CEU6, STM32H533HEY6TR, STM32H533RET6, STM32H533VEI6, STM32H533VET6, STM32H533ZEJ6, STM32H533ZET6, STM32H562AGI6, STM32H562AII6, STM32H562IGK6, STM32H562IGT6, STM32H562IIK6, STM32H562IIT6, STM32H562RGT6, STM32H562RGV6, STM32H562RIT6, STM32H562RIV6, STM32H562VGT6, STM32H562VIT6, STM32H562ZGT6, STM32H562ZIT6, STM32H563AGI6, STM32H563AII3Q, STM32H563AII6, STM32H563IGK6, STM32H563IGT6, STM32H563IIK3Q, STM32H563IIK6, STM32H563IIT3Q, STM32H563IIT6, STM32H563MIY3QTR, STM32H563RGT6, STM32H563RGV6, STM32H563RIT6, STM32H563RIV6, STM32H563VGT6, STM32H563VIT3Q, STM32H563VIT6, STM32H563ZGT6, STM32H563ZIT3Q, STM32H563ZIT6, STM32H573AII3Q, STM32H573AII6, STM32H573I-DK, STM32H573IIK3Q, STM32H573IIK6, STM32H573IIT3Q, STM32H573IIT6, STM32H573MIY3QTR, STM32H573RIT6, STM32H573RIV6, STM32H573VIT3Q, STM32H573VIT6, STM32H573ZIT3Q, STM32H573ZIT6, STM32H7R3A8I6, STM32H7R3I8K6, STM32H7R3I8T6, STM32H7R3L8H6, STM32H7R3L8H6H, STM32H7R3R8V6, STM32H7R3V8H6, STM32H7R3V8T6, STM32H7R3V8Y6TR, STM32H7R3Z8J6, STM32H7R3Z8T6, STM32H7R7A8I6, STM32H7R7I8K6, STM32H7R7I8T6, STM32H7R7L8H6, STM32H7R7L8H6H, STM32H7R7Z8J6, STM32H7S3A8I6, STM32H7S3I8K6, STM32H7S3I8T6, STM32H7S3L8H6, STM32H7S3L8H6H, STM32H7S3R8V6, STM32H7S3V8H6, STM32H7S3V8T6, STM32H7S3V8Y6TR, STM32H7S3Z8J6, STM32H7S3Z8T6, STM32H7S78-DK, STM32H7S7A8I6, STM32H7S7I8K6, STM32H7S7I8T6, STM32H7S7L8H6, STM32H7S7L8H6H, STM32H7S7Z8J6, STM32L4R5QGI6STR, STM32MP131AAE3, STM32MP131AAF3, STM32MP131AAG3, STM32MP131CAE3, STM32MP131CAF3, STM32MP131CAG3, STM32MP131DAE7, STM32MP131DAF7, STM32MP131DAG7, STM32MP131FAE7, STM32MP131FAF7, STM32MP131FAG7, STM32MP133AAE3, STM32MP133AAF3, STM32MP133AAG3, STM32MP133CAE3, STM32MP133CAF3, STM32MP133CAG3, STM32MP133DAE7, STM32MP133DAF7, STM32MP133DAG7, STM32MP133FAE7, STM32MP133FAF7, STM32MP133FAG7, STM32MP135AAE3, STM32MP135AAF3, STM32MP135AAG3, STM32MP135CAE3, STM32MP135CAF3, STM32MP135CAG3, STM32MP135DAE7, STM32MP135DAF7, STM32MP135DAG7, STM32MP135F-DK, STM32MP135FAE7, STM32MP135FAF7, STM32MP135FAF7T, STM32MP135FAF7U, STM32MP135FAG7, STM32MP251AAI3, STM32MP251AAK3, STM32MP251AAL3, STM32MP251CAI3, STM32MP251CAK3, STM32MP251CAL3, STM32MP251DAI3, STM32MP251DAK3, STM32MP251DAL3, STM32MP251FAI3, STM32MP251FAK3, STM32MP251FAL3, STM32MP253AAI3, STM32MP253AAK3, STM32MP253AAL3, STM32MP253CAI3, STM32MP253CAK3, STM32MP253CAL3, STM32MP253DAI3, STM32MP253DAK3, STM32MP253DAL3, STM32MP253FAI3, STM32MP253FAK3, STM32MP253FAL3, STM32MP255AAI3, STM32MP255AAK3, STM32MP255AAL3, STM32MP255CAI3, STM32MP255CAK3, STM32MP255CAL3, STM32MP255DAI3, STM32MP255DAK3, STM32MP255DAL3, STM32MP255FAI3, STM32MP255FAK3, STM32MP255FAL3, STM32MP257AAI3, STM32MP257AAK3, STM32MP257AAL3, STM32MP257CAI3, STM32MP257CAK3, STM32MP257CAL3, STM32MP257DAI3, STM32MP257DAK3, STM32MP257DAL3, STM32MP257F-DK, STM32MP257F-EV1, STM32MP257FAI3, STM32MP257FAK3, STM32MP257FAL3, STM32U031C6T6, STM32U031C6U6, STM32U031C8T6, STM32U031C8U6, STM32U031F4P6, STM32U031F6P6, STM32U031F8P6, STM32U031G6Y6TR, STM32U031G8Y6TR, STM32U031K4U6, STM32U031K6U6, STM32U031K8U6, STM32U031R6I6, STM32U031R6T6, STM32U031R8I6, STM32U031R8T6, STM32U073C8T6, STM32U073C8U6, STM32U073CBT6, STM32U073CBU6, STM32U073CCT6, STM32U073CCU6, STM32U073H8Y6TR, STM32U073HBY6TR, STM32U073HCY6TR, STM32U073K8U6, STM32U073KBU6, STM32U073KCU6, STM32U073M8I6, STM32U073M8T6, STM32U073MBI6, STM32U073MBT6, STM32U073MCI6, STM32U073MCT6, STM32U073R8I6, STM32U073R8T6, STM32U073RBI6, STM32U073RBT6, STM32U073RCI6, STM32U073RCT6, STM32U083C-DK, STM32U083CCT6, STM32U083CCU6, STM32U083HCY6TR, STM32U083KCU6, STM32U083MCI6, STM32U083MCT6, STM32U083RCI6, STM32U083RCT6, STM32U535CBT6, STM32U535CBT6Q, STM32U535CBU6, STM32U535CBU6Q, STM32U535CCT6, STM32U535CCT6Q, STM32U535CCU6, STM32U535CCU6Q, STM32U535CET6, STM32U535CET6Q, STM32U535CEU6, STM32U535CEU6Q, STM32U535JEY6QTR, STM32U535NCY6QTR, STM32U535NEY6QTR, STM32U535RBI6, STM32U535RBI6Q, STM32U535RBT6, STM32U535RBT6Q, STM32U535RCI6, STM32U535RCI6Q, STM32U535RCT6, STM32U535RCT6Q, STM32U535REI6, STM32U535REI6Q, STM32U535RET6, STM32U535RET6Q, STM32U535VCI6, STM32U535VCI6Q, STM32U535VCT6, STM32U535VCT6Q, STM32U535VEI6, STM32U535VEI6Q, STM32U535VET6, STM32U535VET6Q, STM32U545CET6, STM32U545CET6Q, STM32U545CEU6, STM32U545CEU6Q, STM32U545JEY6QTR, STM32U545NEY6QTR, STM32U545REI6, STM32U545REI6Q, STM32U545RET6, STM32U545RET6Q, STM32U545VEI6, STM32U545VEI6Q, STM32U545VET6, STM32U545VET6Q, STM32U595AIH6, STM32U595AIH6Q, STM32U595AJH6, STM32U595AJH6Q, STM32U595QII6, STM32U595QII6Q, STM32U595QJI6, STM32U595QJI6Q, STM32U595RIT6, STM32U595RIT6Q, STM32U595RJT6, STM32U595RJT6Q, STM32U595VIT6, STM32U595VIT6Q, STM32U595VJT6, STM32U595VJT6Q, STM32U595ZIT6, STM32U595ZIT6Q, STM32U595ZIY6QTR, STM32U595ZJT6, STM32U595ZJT6Q, STM32U595ZJY6QTR, STM32U599BJY6QTR, STM32U599NIH6Q, STM32U599NJH6Q, STM32U599VIT6Q, STM32U599VJT6, STM32U599VJT6Q, STM32U599ZIT6Q, STM32U599ZIY6QTR, STM32U599ZJT6Q, STM32U599ZJY6QTR, STM32U5A5AJH6, STM32U5A5AJH6Q, STM32U5A5QII3Q , STM32U5A5QJI6, STM32U5A5QJI6Q, STM32U5A5RJT6, STM32U5A5RJT6Q, STM32U5A5VJT6, STM32U5A5VJT6Q, STM32U5A5ZJT6, STM32U5A5ZJT6Q, STM32U5A5ZJY6QTR, STM32U5A9BJY6QTR, STM32U5A9J-DK, STM32U5A9NJH6Q, STM32U5A9VJT6Q, STM32U5A9ZJT6Q, STM32U5A9ZJY6QTR, STM32U5F7VIT6, STM32U5F7VIT6Q, STM32U5F7VJT6, STM32U5F7VJT6Q, STM32U5F9BJY6QTR, STM32U5F9NJH6Q, STM32U5F9VIT6Q, STM32U5F9VJT6Q, STM32U5F9ZIJ6QTR, STM32U5F9ZIT6Q, STM32U5F9ZJJ6QTR, STM32U5F9ZJT6Q, STM32U5G7VJT6, STM32U5G7VJT6Q, STM32U5G9BJY6QTR, STM32U5G9J-DK1, STM32U5G9J-DK2, STM32U5G9NJH6Q, STM32U5G9VJT6Q, STM32U5G9ZJJ6QTR, STM32U5G9ZJT6Q, STM32WB05KZV6TR, STM32WB05KZV7TR, STM32WB05TZF6TR, STM32WB05TZF7TR, STM32WB06CCF6TR, STM32WB06CCF7TR, STM32WB06CCV6TR, STM32WB06CCV7TR, STM32WB06KCV6TR, STM32WB06KCV7TR, STM32WB07CCF6TR, STM32WB07CCF7TR, STM32WB07CCV6TR, STM32WB07CCV7TR, STM32WB07KCV6TR, STM32WB07KCV7TR, STM32WB09KEV6TR, STM32WB09KEV7TR, STM32WB09TEF6TR, STM32WB09TEF7TR, STM32WB1MMCH6, STM32WBA50KGU6, STM32WBA50KGU6TR, STM32WBA52CEU6, STM32WBA52CEU6TR, STM32WBA52CEU7, STM32WBA52CEU7TR, STM32WBA52CGU6, STM32WBA52CGU6TR, STM32WBA52CGU6U, STM32WBA52CGU7, STM32WBA52CGU7TR, STM32WBA52KEU6, STM32WBA52KEU6TR, STM32WBA52KGU6, STM32WBA52KGU6TR, STM32WBA54CEU6, STM32WBA54CEU6TR, STM32WBA54CEU7, STM32WBA54CEU7TR, STM32WBA54CGU6, STM32WBA54CGU6TR, STM32WBA54CGU7, STM32WBA54CGU7TR, STM32WBA54KEU6, STM32WBA54KEU6TR, STM32WBA54KEU7, STM32WBA54KEU7TR, STM32WBA54KGU6, STM32WBA54KGU6TR, STM32WBA54KGU7, STM32WBA54KGU7TR, STM32WBA55CEU6, STM32WBA55CEU6TR, STM32WBA55CEU7, STM32WBA55CEU7TR, STM32WBA55CGU6, STM32WBA55CGU6TR, STM32WBA55CGU6U, STM32WBA55CGU7, STM32WBA55CGU7TR, STM32WBA55G-DK1, STM32WBA55HEF6, STM32WBA55HEF7, STM32WBA55HGF6, STM32WBA55HGF7, STM32WBA55UEI6, STM32WBA55UEI6TR, STM32WBA55UEI7, STM32WBA55UEI7TR, STM32WBA55UGI6, STM32WBA55UGI6TR, STM32WBA55UGI7, STM32WBA55UGI7TR, STM32WL5MOCH6, STM32WL5MOCH6TR]
2025-04-23 17:21:46,122 [INFO] ApiDb:668 - CubeFinder database Data Model version=2.1
2025-04-23 17:21:46,122 [INFO] ApiDb:669 - CubeFinder database Configuration version=3.0.39
2025-04-23 17:21:46,122 [INFO] ApiDb:670 - CubeFinder database generation date=2025-03-24 (1742811287)
2025-04-23 17:21:46,122 [INFO] ApiDb:671 - CubeFinder database FW Pack versions=[FP-ATR-ASTRA1_V2.0.0, FP-SNS-FLIGHT1_V5.0.2, FP-SNS-MOTENV1_V5.0.0, FP-SNS-MOTENVWB1_V1.4.0, FP-SNS-SMARTAG2_V1.2.0, FP-SNS-STBOX1_V2.0.0, STM32Cube_FW_C0_V1.4.0, STM32Cube_FW_F4_V1.28.1, STM32Cube_FW_F7_V1.17.2, STM32Cube_FW_G0_V1.6.2, STM32Cube_FW_G4_V1.6.1, STM32Cube_FW_H5_V1.5.0, STM32Cube_FW_H7RS_V1.2.0, STM32Cube_FW_H7_V1.12.1, STM32Cube_FW_L0_V1.12.2, STM32Cube_FW_L4_V1.18.1, STM32Cube_FW_L5_V1.5.1, STM32Cube_FW_N6_V1.1.0, STM32Cube_FW_U0_V1.2.0, STM32Cube_FW_U3_V1.1.0, STM32Cube_FW_U5_V1.7.0, STM32Cube_FW_WB0_V1.2.0, STM32Cube_FW_WBA_V1.6.0, STM32Cube_FW_WB_V1.22.0, STM32Cube_FW_WL3_V1.1.0, STM32Cube_FW_WL_V1.3.1, X-CUBE-ALGOBUILD_V1.4.0, X-CUBE-ALS_V1.0.2, X-CUBE-AZRTOS-F4_V1.1.0, X-CUBE-AZRTOS-F7_V1.1.0, X-CUBE-AZRTOS-G0_V1.1.0, X-CUBE-AZRTOS-G4_V2.0.0, X-CUBE-AZRTOS-H7RS_V1.0.0, X-CUBE-AZRTOS-H7_V3.3.0, X-CUBE-AZRTOS-L4_V2.0.0, X-CUBE-AZRTOS-L5_V2.0.0, X-CUBE-AZRTOS-WB_V2.0.0, X-CUBE-AZRTOS-WL_V2.0.0, X-CUBE-BLE1_V7.1.0, X-CUBE-BLE2_V3.3.0, X-CUBE-BLEMGR_V4.0.0, X-CUBE-EEPRMA1_V5.1.0, X-CUBE-FREERTOS_V1.3.0, X-CUBE-GNSS1_V6.0.0, X-CUBE-MEMS1_V11.1.0, X-CUBE-NFC4_V3.0.0, X-CUBE-NFC7_V1.0.1, X-CUBE-SFXS2LP1_V4.0.0, X-CUBE-SUBG2_V5.0.0, X-CUBE-TOF1_V3.4.2]
2025-04-23 17:21:47,667 [INFO] ApiDb:240 - Found 646 in-development CPN: [B-G473E-ZEST1S, B-WB1M-WPAN1, B-WL5M-SUBG1, NUCLEO-C031C6, NUCLEO-C071RB, NUCLEO-H503RB, NUCLEO-H533RE, NUCLEO-H563ZI, NUCLEO-H7S3L8, NUCLEO-U031R8, NUCLEO-U083RC, NUCLEO-U545RE-Q, NUCLEO-U5A5ZJ-Q, NUCLEO-WB05KZ, NUCLEO-WB07CC, NUCLEO-WB09KE, NUCLEO-WBA52CG, NUCLEO-WBA55CG, STEVAL-PROTEUS1, STEVAL-SMARTAG2, STEVAL-STWINBX1, STM320518-EVAL, STM32C0116-DK, STM32C011D6Y3TR, STM32C011D6Y6TR, STM32C011F4P3, STM32C011F4P6, STM32C011F4U3, STM32C011F4U6TR, STM32C011F6P3, STM32C011F6P6, STM32C011F6U3, STM32C011F6U6TR, STM32C011J4M3, STM32C011J4M6, STM32C011J6M3, STM32C011J6M6, STM32C0316-DK, STM32C031C4T3, STM32C031C4T6, STM32C031C4U3, STM32C031C4U6, STM32C031C6T3, STM32C031C6T6, STM32C031C6U3, STM32C031C6U6, STM32C031F4P3, STM32C031F4P6, STM32C031F6P3, STM32C031F6P6, STM32C031G4U3, STM32C031G4U6, STM32C031G6U3, STM32C031G6U6, STM32C031K4T3, STM32C031K4T6, STM32C031K4U3, STM32C031K4U6, STM32C031K6T3, STM32C031K6T6, STM32C031K6U3, STM32C031K6U6, STM32C071C8T6, STM32C071C8T6N, STM32C071C8U6, STM32C071C8U6N, STM32C071CBT6, STM32C071CBT6N, STM32C071CBU6, STM32C071CBU6N, STM32C071F8P6, STM32C071F8P6N, STM32C071FBP6, STM32C071FBP6N, STM32C071FBY6TR, STM32C071G8U6, STM32C071G8U6N, STM32C071GBU6, STM32C071GBU6N, STM32C071K8T6, STM32C071K8T6N, STM32C071K8U6, STM32C071K8U6N, STM32C071KBT6, STM32C071KBT6N, STM32C071KBU6, STM32C071KBU6N, STM32C071R8T6, STM32C071R8T6N, STM32C071RBI6N, STM32C071RBT6, STM32C071RBT6N, STM32G071K8TXN, STM32G071K8UXN, STM32G081GBU6N, STM32G081KBT6N, STM32G081KBUXN, STM32G0B1CCT6N, STM32G0B1KCT6, STM32G0B1NEY6TR, STM32G0B1RCT6N, STM32G0C1CCT6, STM32G0C1CCT6N, STM32G0C1CCU6N, STM32G0C1CET6N, STM32G0C1CEU6N, STM32G0C1KCT6, STM32G0C1NEY6TR, STM32G0C1RCI6N, STM32G0C1RCT6N, STM32G0C1REI6N, STM32G0C1RET6N, STM32G0C1VCI6, STM32G0C1VEI6, STM32G411C6T3, STM32G411C6T6, STM32G411C6U3, STM32G411C6U6, STM32G411C8T3, STM32G411C8T6, STM32G411C8U3, STM32G411C8U6, STM32G411CBT3, STM32G411CBT6, STM32G411CBU3, STM32G411CBU6, STM32G411K6T3, STM32G411K6T6, STM32G411K6U3, STM32G411K6U6, STM32G411K8T3, STM32G411K8T6, STM32G411K8U3, STM32G411K8U6, STM32G411KBT3, STM32G411KBT6, STM32G411KBU3, STM32G411KBU6, STM32G411M6T3, STM32G411M6T6, STM32G411M8T3, STM32G411M8T6, STM32G411MBT3, STM32G411MBT6, STM32G411R6T3, STM32G411R6T6, STM32G411R8T3, STM32G411R8T6, STM32G411RBT3, STM32G411RBT6, STM32G414CBT3, STM32G414CBT6, STM32G414CBU3, STM32G414CBU6, STM32G414CCT3, STM32G414CCT6, STM32G414CCU3, STM32G414CCU6, STM32G414MBT3, STM32G414MBT6, STM32G414MCT3, STM32G414MCT6, STM32G414RBT3, STM32G414RBT6, STM32G414RCT3, STM32G414RCT6, STM32G414VBT3, STM32G414VBT6, STM32G414VCT3, STM32G414VCT6, STM32G431CBT3Z, STM32G431RBT3Z, STM32G471CCT6, STM32G471CCU6, STM32G471CET3, STM32G471CET6, STM32G471CEU3, STM32G471CEU6, STM32G471MCT6, STM32G471MET3, STM32G471MET6, STM32G471MEY6TR, STM32G471QCT6, STM32G471QET3, STM32G471RCT6, STM32G471RET3, STM32G471RET6, STM32G471VCH6, STM32G471VCI6, STM32G471VCT6, STM32G471VEH3, STM32G471VEH6, STM32G471VEI3, STM32G471VEI6, STM32G471VET3, STM32G471VET6, STM32G473QET3Z, STM32G473RET3Z, STM32G474CCT6, STM32G491RET3Z, STM32H503CBT6, STM32H503CBU6, STM32H503EBY6TR, STM32H503KBU6, STM32H503RBT6, STM32H523CCT6, STM32H523CCU6, STM32H523CET6, STM32H523CEU6, STM32H523HEY6TR, STM32H523RCT6, STM32H523RET6, STM32H523VCI6, STM32H523VCT6, STM32H523VEI6, STM32H523VET6, STM32H523ZCJ6, STM32H523ZCT6, STM32H523ZEJ6, STM32H523ZET6, STM32H533CET6, STM32H533CEU6, STM32H533HEY6TR, STM32H533RET6, STM32H533VEI6, STM32H533VET6, STM32H533ZEJ6, STM32H533ZET6, STM32H562AGI6, STM32H562AII6, STM32H562IGK6, STM32H562IGT6, STM32H562IIK6, STM32H562IIT6, STM32H562RGT6, STM32H562RGV6, STM32H562RIT6, STM32H562RIV6, STM32H562VGT6, STM32H562VIT6, STM32H562ZGT6, STM32H562ZIT6, STM32H563AGI6, STM32H563AII3Q, STM32H563AII6, STM32H563IGK6, STM32H563IGT6, STM32H563IIK3Q, STM32H563IIK6, STM32H563IIT3Q, STM32H563IIT6, STM32H563MIY3QTR, STM32H563RGT6, STM32H563RGV6, STM32H563RIT6, STM32H563RIV6, STM32H563VGT6, STM32H563VIT3Q, STM32H563VIT6, STM32H563ZGT6, STM32H563ZIT3Q, STM32H563ZIT6, STM32H573AII3Q, STM32H573AII6, STM32H573I-DK, STM32H573IIK3Q, STM32H573IIK6, STM32H573IIT3Q, STM32H573IIT6, STM32H573MIY3QTR, STM32H573RIT6, STM32H573RIV6, STM32H573VIT3Q, STM32H573VIT6, STM32H573ZIT3Q, STM32H573ZIT6, STM32H7R3A8I6, STM32H7R3I8K6, STM32H7R3I8T6, STM32H7R3L8H6, STM32H7R3L8H6H, STM32H7R3R8V6, STM32H7R3V8H6, STM32H7R3V8T6, STM32H7R3V8Y6TR, STM32H7R3Z8J6, STM32H7R3Z8T6, STM32H7R7A8I6, STM32H7R7I8K6, STM32H7R7I8T6, STM32H7R7L8H6, STM32H7R7L8H6H, STM32H7R7Z8J6, STM32H7S3A8I6, STM32H7S3I8K6, STM32H7S3I8T6, STM32H7S3L8H6, STM32H7S3L8H6H, STM32H7S3R8V6, STM32H7S3V8H6, STM32H7S3V8T6, STM32H7S3V8Y6TR, STM32H7S3Z8J6, STM32H7S3Z8T6, STM32H7S78-DK, STM32H7S7A8I6, STM32H7S7I8K6, STM32H7S7I8T6, STM32H7S7L8H6, STM32H7S7L8H6H, STM32H7S7Z8J6, STM32L4R5QGI6STR, STM32MP131AAE3, STM32MP131AAF3, STM32MP131AAG3, STM32MP131CAE3, STM32MP131CAF3, STM32MP131CAG3, STM32MP131DAE7, STM32MP131DAF7, STM32MP131DAG7, STM32MP131FAE7, STM32MP131FAF7, STM32MP131FAG7, STM32MP133AAE3, STM32MP133AAF3, STM32MP133AAG3, STM32MP133CAE3, STM32MP133CAF3, STM32MP133CAG3, STM32MP133DAE7, STM32MP133DAF7, STM32MP133DAG7, STM32MP133FAE7, STM32MP133FAF7, STM32MP133FAG7, STM32MP135AAE3, STM32MP135AAF3, STM32MP135AAG3, STM32MP135CAE3, STM32MP135CAF3, STM32MP135CAG3, STM32MP135DAE7, STM32MP135DAF7, STM32MP135DAG7, STM32MP135F-DK, STM32MP135FAE7, STM32MP135FAF7, STM32MP135FAF7T, STM32MP135FAF7U, STM32MP135FAG7, STM32MP251AAI3, STM32MP251AAK3, STM32MP251AAL3, STM32MP251CAI3, STM32MP251CAK3, STM32MP251CAL3, STM32MP251DAI3, STM32MP251DAK3, STM32MP251DAL3, STM32MP251FAI3, STM32MP251FAK3, STM32MP251FAL3, STM32MP253AAI3, STM32MP253AAK3, STM32MP253AAL3, STM32MP253CAI3, STM32MP253CAK3, STM32MP253CAL3, STM32MP253DAI3, STM32MP253DAK3, STM32MP253DAL3, STM32MP253FAI3, STM32MP253FAK3, STM32MP253FAL3, STM32MP255AAI3, STM32MP255AAK3, STM32MP255AAL3, STM32MP255CAI3, STM32MP255CAK3, STM32MP255CAL3, STM32MP255DAI3, STM32MP255DAK3, STM32MP255DAL3, STM32MP255FAI3, STM32MP255FAK3, STM32MP255FAL3, STM32MP257AAI3, STM32MP257AAK3, STM32MP257AAL3, STM32MP257CAI3, STM32MP257CAK3, STM32MP257CAL3, STM32MP257DAI3, STM32MP257DAK3, STM32MP257DAL3, STM32MP257F-DK, STM32MP257F-EV1, STM32MP257FAI3, STM32MP257FAK3, STM32MP257FAL3, STM32U031C6T6, STM32U031C6U6, STM32U031C8T6, STM32U031C8U6, STM32U031F4P6, STM32U031F6P6, STM32U031F8P6, STM32U031G6Y6TR, STM32U031G8Y6TR, STM32U031K4U6, STM32U031K6U6, STM32U031K8U6, STM32U031R6I6, STM32U031R6T6, STM32U031R8I6, STM32U031R8T6, STM32U073C8T6, STM32U073C8U6, STM32U073CBT6, STM32U073CBU6, STM32U073CCT6, STM32U073CCU6, STM32U073H8Y6TR, STM32U073HBY6TR, STM32U073HCY6TR, STM32U073K8U6, STM32U073KBU6, STM32U073KCU6, STM32U073M8I6, STM32U073M8T6, STM32U073MBI6, STM32U073MBT6, STM32U073MCI6, STM32U073MCT6, STM32U073R8I6, STM32U073R8T6, STM32U073RBI6, STM32U073RBT6, STM32U073RCI6, STM32U073RCT6, STM32U083C-DK, STM32U083CCT6, STM32U083CCU6, STM32U083HCY6TR, STM32U083KCU6, STM32U083MCI6, STM32U083MCT6, STM32U083RCI6, STM32U083RCT6, STM32U535CBT6, STM32U535CBT6Q, STM32U535CBU6, STM32U535CBU6Q, STM32U535CCT6, STM32U535CCT6Q, STM32U535CCU6, STM32U535CCU6Q, STM32U535CET6, STM32U535CET6Q, STM32U535CEU6, STM32U535CEU6Q, STM32U535JEY6QTR, STM32U535NCY6QTR, STM32U535NEY6QTR, STM32U535RBI6, STM32U535RBI6Q, STM32U535RBT6, STM32U535RBT6Q, STM32U535RCI6, STM32U535RCI6Q, STM32U535RCT6, STM32U535RCT6Q, STM32U535REI6, STM32U535REI6Q, STM32U535RET6, STM32U535RET6Q, STM32U535VCI6, STM32U535VCI6Q, STM32U535VCT6, STM32U535VCT6Q, STM32U535VEI6, STM32U535VEI6Q, STM32U535VET6, STM32U535VET6Q, STM32U545CET6, STM32U545CET6Q, STM32U545CEU6, STM32U545CEU6Q, STM32U545JEY6QTR, STM32U545NEY6QTR, STM32U545REI6, STM32U545REI6Q, STM32U545RET6, STM32U545RET6Q, STM32U545VEI6, STM32U545VEI6Q, STM32U545VET6, STM32U545VET6Q, STM32U595AIH6, STM32U595AIH6Q, STM32U595AJH6, STM32U595AJH6Q, STM32U595QII6, STM32U595QII6Q, STM32U595QJI6, STM32U595QJI6Q, STM32U595RIT6, STM32U595RIT6Q, STM32U595RJT6, STM32U595RJT6Q, STM32U595VIT6, STM32U595VIT6Q, STM32U595VJT6, STM32U595VJT6Q, STM32U595ZIT6, STM32U595ZIT6Q, STM32U595ZIY6QTR, STM32U595ZJT6, STM32U595ZJT6Q, STM32U595ZJY6QTR, STM32U599BJY6QTR, STM32U599NIH6Q, STM32U599NJH6Q, STM32U599VIT6Q, STM32U599VJT6, STM32U599VJT6Q, STM32U599ZIT6Q, STM32U599ZIY6QTR, STM32U599ZJT6Q, STM32U599ZJY6QTR, STM32U5A5AJH6, STM32U5A5AJH6Q, STM32U5A5QII3Q , STM32U5A5QJI6, STM32U5A5QJI6Q, STM32U5A5RJT6, STM32U5A5RJT6Q, STM32U5A5VJT6, STM32U5A5VJT6Q, STM32U5A5ZJT6, STM32U5A5ZJT6Q, STM32U5A5ZJY6QTR, STM32U5A9BJY6QTR, STM32U5A9J-DK, STM32U5A9NJH6Q, STM32U5A9VJT6Q, STM32U5A9ZJT6Q, STM32U5A9ZJY6QTR, STM32U5F7VIT6, STM32U5F7VIT6Q, STM32U5F7VJT6, STM32U5F7VJT6Q, STM32U5F9BJY6QTR, STM32U5F9NJH6Q, STM32U5F9VIT6Q, STM32U5F9VJT6Q, STM32U5F9ZIJ6QTR, STM32U5F9ZIT6Q, STM32U5F9ZJJ6QTR, STM32U5F9ZJT6Q, STM32U5G7VJT6, STM32U5G7VJT6Q, STM32U5G9BJY6QTR, STM32U5G9J-DK1, STM32U5G9J-DK2, STM32U5G9NJH6Q, STM32U5G9VJT6Q, STM32U5G9ZJJ6QTR, STM32U5G9ZJT6Q, STM32WB05KZV6TR, STM32WB05KZV7TR, STM32WB05TZF6TR, STM32WB05TZF7TR, STM32WB06CCF6TR, STM32WB06CCF7TR, STM32WB06CCV6TR, STM32WB06CCV7TR, STM32WB06KCV6TR, STM32WB06KCV7TR, STM32WB07CCF6TR, STM32WB07CCF7TR, STM32WB07CCV6TR, STM32WB07CCV7TR, STM32WB07KCV6TR, STM32WB07KCV7TR, STM32WB09KEV6TR, STM32WB09KEV7TR, STM32WB09TEF6TR, STM32WB09TEF7TR, STM32WB1MMCH6, STM32WBA50KGU6, STM32WBA50KGU6TR, STM32WBA52CEU6, STM32WBA52CEU6TR, STM32WBA52CEU7, STM32WBA52CEU7TR, STM32WBA52CGU6, STM32WBA52CGU6TR, STM32WBA52CGU6U, STM32WBA52CGU7, STM32WBA52CGU7TR, STM32WBA52KEU6, STM32WBA52KEU6TR, STM32WBA52KGU6, STM32WBA52KGU6TR, STM32WBA54CEU6, STM32WBA54CEU6TR, STM32WBA54CEU7, STM32WBA54CEU7TR, STM32WBA54CGU6, STM32WBA54CGU6TR, STM32WBA54CGU7, STM32WBA54CGU7TR, STM32WBA54KEU6, STM32WBA54KEU6TR, STM32WBA54KEU7, STM32WBA54KEU7TR, STM32WBA54KGU6, STM32WBA54KGU6TR, STM32WBA54KGU7, STM32WBA54KGU7TR, STM32WBA55CEU6, STM32WBA55CEU6TR, STM32WBA55CEU7, STM32WBA55CEU7TR, STM32WBA55CGU6, STM32WBA55CGU6TR, STM32WBA55CGU6U, STM32WBA55CGU7, STM32WBA55CGU7TR, STM32WBA55G-DK1, STM32WBA55HEF6, STM32WBA55HEF7, STM32WBA55HGF6, STM32WBA55HGF7, STM32WBA55UEI6, STM32WBA55UEI6TR, STM32WBA55UEI7, STM32WBA55UEI7TR, STM32WBA55UGI6, STM32WBA55UGI6TR, STM32WBA55UGI7, STM32WBA55UGI7TR, STM32WL5MOCH6, STM32WL5MOCH6TR]
2025-04-23 17:21:47,670 [INFO] DbMcus:218 - Found 4657 MCUs, 4657 are supported
2025-04-23 17:21:47,671 [INFO] ApiDb:423 - Load user favorites file C:\Users\Lenovo/.stm32cubeide/favorites.mcus.txt: 0 item(s)
2025-04-23 17:21:47,671 [INFO] ApiDb:427 - User favorites MCUs=[]
2025-04-23 17:21:47,671 [INFO] DbMcus:224 - Set 0 / 0 favorites MCUs
2025-04-23 17:21:47,972 [INFO] BoardInfo:889 - No configuration file found for board NUCLEO-C051C8
2025-04-23 17:21:47,973 [INFO] DbBoards:161 - Board is not supported: NUCLEO-C051C8
2025-04-23 17:21:47,975 [INFO] BoardInfo:889 - No configuration file found for board NUCLEO-C092RC
2025-04-23 17:21:47,975 [INFO] DbBoards:161 - Board is not supported: NUCLEO-C092RC
2025-04-23 17:21:48,071 [INFO] BoardInfo:889 - No configuration file found for board NUCLEO-N657X0-Q
2025-04-23 17:21:48,072 [INFO] DbBoards:161 - Board is not supported: NUCLEO-N657X0-Q
2025-04-23 17:21:48,077 [INFO] BoardInfo:889 - No configuration file found for board NUCLEO-U385RG-Q
2025-04-23 17:21:48,078 [INFO] DbBoards:161 - Board is not supported: NUCLEO-U385RG-Q
2025-04-23 17:21:48,091 [INFO] BoardInfo:889 - No configuration file found for board NUCLEO-WBA65RI
2025-04-23 17:21:48,091 [INFO] DbBoards:161 - Board is not supported: NUCLEO-WBA65RI
2025-04-23 17:21:48,092 [INFO] BoardInfo:889 - No configuration file found for board NUCLEO-WL33CC1
2025-04-23 17:21:48,092 [INFO] DbBoards:161 - Board is not supported: NUCLEO-WL33CC1
2025-04-23 17:21:48,093 [INFO] BoardInfo:889 - No configuration file found for board NUCLEO-WL33CC2
2025-04-23 17:21:48,093 [INFO] DbBoards:161 - Board is not supported: NUCLEO-WL33CC2
2025-04-23 17:21:48,099 [INFO] BoardInfo:889 - No configuration file found for board P-NUCLEO-WB55
2025-04-23 17:21:48,099 [INFO] DbBoards:161 - Kit is not supported: P-NUCLEO-WB55
2025-04-23 17:21:48,104 [INFO] BoardInfo:889 - No configuration file found for board STEVAL-BFA001V1B
2025-04-23 17:21:48,105 [INFO] DbBoards:161 - Kit is not supported: STEVAL-BFA001V1B
2025-04-23 17:21:48,106 [INFO] BoardInfo:889 - No configuration file found for board STEVAL-BFA001V2B
2025-04-23 17:21:48,106 [INFO] DbBoards:161 - Kit is not supported: STEVAL-BFA001V2B
2025-04-23 17:21:48,212 [INFO] BoardInfo:889 - No configuration file found for board STM32N6570-DK
2025-04-23 17:21:48,212 [INFO] DbBoards:161 - Board is not supported: STM32N6570-DK
2025-04-23 17:21:48,222 [INFO] BoardInfo:889 - No configuration file found for board STM32WBA65I-DK1
2025-04-23 17:21:48,222 [INFO] DbBoards:161 - Board is not supported: STM32WBA65I-DK1
2025-04-23 17:21:48,222 [INFO] DbBoards:168 - Found 210 boards, 198 are supported
2025-04-23 17:21:48,223 [INFO] DbBoards:169 - Found 210 boards, 25 of them is supported for  Bsp
2025-04-23 17:21:48,226 [INFO] ApiDb:423 - Load user favorites file C:\Users\Lenovo/.stm32cubeide/favorites.boards.txt: 0 item(s)
2025-04-23 17:21:48,226 [INFO] ApiDb:427 - User favorites Boards=[]
2025-04-23 17:21:48,226 [INFO] DbBoards:198 - Set 0 / 0 favorites Boards
2025-04-23 17:21:48,289 [INFO] UtilMem:75 - End LoadConfig() Used Memory: 849180784 Bytes (1073741824)
2025-04-23 17:21:48,395 [WARN] ThirdParty:833 - waiting for thirdparty lock release [change project]
2025-04-23 17:21:48,396 [INFO] ThirdParty:835 - entering critical section [change project]
2025-04-23 17:21:48,396 [INFO] ThirdParty:1030 - CMSIS Pack Vendor :STMicroelectronics USBPD 4.1
2025-04-23 17:21:48,396 [INFO] ThirdParty:1030 - CMSIS Pack Vendor :STMicroelectronics X-CUBE-GNSS1 6.0.0
2025-04-23 17:21:48,396 [INFO] ThirdParty:1030 - CMSIS Pack Vendor :STMicroelectronics USB_HOST 2.0.0
2025-04-23 17:21:48,396 [INFO] ThirdParty:1030 - CMSIS Pack Vendor :STMicroelectronics FP-SNS-MOTENVWB1 1.4.0
2025-04-23 17:21:48,396 [INFO] ThirdParty:1030 - CMSIS Pack Vendor :STMicroelectronics X-CUBE-AZRTOS-F4 1.1.0
2025-04-23 17:21:48,396 [INFO] ThirdParty:1030 - CMSIS Pack Vendor :STMicroelectronics LIBJPEG 8.0.0
2025-04-23 17:21:48,396 [INFO] ThirdParty:1030 - CMSIS Pack Vendor :STMicroelectronics FP-ATR-ASTRA1 2.0.2
2025-04-23 17:21:48,396 [INFO] ThirdParty:1030 - CMSIS Pack Vendor :STMicroelectronics FP-ATR-ASTRA1 2.0.1
2025-04-23 17:21:48,397 [INFO] ThirdParty:1030 - CMSIS Pack Vendor :STMicroelectronics X-CUBE-SMBUS 2.1.0
2025-04-23 17:21:48,397 [INFO] ThirdParty:1030 - CMSIS Pack Vendor :STMicroelectronics X-CUBE-WB05N 1.1.0
2025-04-23 17:21:48,397 [INFO] ThirdParty:1030 - CMSIS Pack Vendor :STMicroelectronics X-CUBE-ISPU 2.1.0
2025-04-23 17:21:48,397 [INFO] ThirdParty:1030 - CMSIS Pack Vendor :STMicroelectronics X-CUBE-FREERTOS 1.2.0
2025-04-23 17:21:48,397 [INFO] ThirdParty:1030 - CMSIS Pack Vendor :STMicroelectronics X-CUBE-AZRTOS-F7 1.1.0
2025-04-23 17:21:48,397 [INFO] ThirdParty:1030 - CMSIS Pack Vendor :STMicroelectronics X-CUBE-AZRTOS-L5 2.0.0
2025-04-23 17:21:48,397 [INFO] ThirdParty:1030 - CMSIS Pack Vendor :STMicroelectronics USB_DEVICE 2.0.0
2025-04-23 17:21:48,397 [INFO] ThirdParty:1030 - CMSIS Pack Vendor :STMicroelectronics X-CUBE-NFC6 3.1.0
2025-04-23 17:21:48,397 [INFO] ThirdParty:1030 - CMSIS Pack Vendor :STMicroelectronics X-CUBE-MEMS1 11.0.0
2025-04-23 17:21:48,397 [INFO] ThirdParty:1030 - CMSIS Pack Vendor :STMicroelectronics FreeRTOS 0.0.1
2025-04-23 17:21:48,397 [INFO] ThirdParty:1030 - CMSIS Pack Vendor :STMicroelectronics X-CUBE-DPower 1.2.0
2025-04-23 17:21:48,397 [INFO] ThirdParty:1030 - CMSIS Pack Vendor :STMicroelectronics FP-SNS-FLIGHT1 5.0.2
2025-04-23 17:21:48,397 [INFO] ThirdParty:1030 - CMSIS Pack Vendor :STMicroelectronics X-CUBE-AI 9.0.0
2025-04-23 17:21:48,397 [INFO] ThirdParty:1030 - CMSIS Pack Vendor :STMicroelectronics PDM2PCM 3.3.0
2025-04-23 17:21:48,397 [INFO] ThirdParty:1030 - CMSIS Pack Vendor :STMicroelectronics X-CUBE-DISPLAY 3.0.0
2025-04-23 17:21:48,397 [INFO] ThirdParty:1030 - CMSIS Pack Vendor :STMicroelectronics X-CUBE-BLE1 7.0.0
2025-04-23 17:21:48,397 [INFO] ThirdParty:1030 - CMSIS Pack Vendor :STMicroelectronics X-CUBE-NFC10 1.0.0
2025-04-23 17:21:48,397 [INFO] ThirdParty:1030 - CMSIS Pack Vendor :STMicroelectronics X-CUBE-BLEMGR 4.0.0
2025-04-23 17:21:48,397 [INFO] ThirdParty:1030 - CMSIS Pack Vendor :STMicroelectronics HAL Drivers 0.0.0
2025-04-23 17:21:48,397 [INFO] ThirdParty:1030 - CMSIS Pack Vendor :emotas I-CUBE-CANOPEN 1.3.0
2025-04-23 17:21:48,397 [INFO] ThirdParty:1030 - CMSIS Pack Vendor :STMicroelectronics X-CUBE-FREERTOS 1.3.0
2025-04-23 17:21:48,397 [INFO] ThirdParty:1030 - CMSIS Pack Vendor :STMicroelectronics X-CUBE-NFC7 1.0.1
2025-04-23 17:21:48,397 [INFO] ThirdParty:1030 - CMSIS Pack Vendor :STMicroelectronics MBEDTLS 2.14.1
2025-04-23 17:21:48,397 [INFO] ThirdParty:1030 - CMSIS Pack Vendor :wolfSSL I-CUBE-wolfTPM 3.2.0
2025-04-23 17:21:48,397 [INFO] ThirdParty:1030 - CMSIS Pack Vendor :STMicroelectronics X-CUBE-BLEMGR 3.1.0
2025-04-23 17:21:48,397 [INFO] ThirdParty:1030 - CMSIS Pack Vendor :STMicroelectronics X-CUBE-AI 10.0.0
2025-04-23 17:21:48,397 [INFO] ThirdParty:1030 - CMSIS Pack Vendor :STMicroelectronics FP-SNS-SMARTAG2 1.2.0
2025-04-23 17:21:48,397 [INFO] ThirdParty:1030 - CMSIS Pack Vendor :STMicroelectronics X-CUBE-MEMS1 11.1.0
2025-04-23 17:21:48,397 [INFO] ThirdParty:1030 - CMSIS Pack Vendor :STMicroelectronics X-CUBE-AZRTOS-WL 2.0.0
2025-04-23 17:21:48,397 [INFO] ThirdParty:1030 - CMSIS Pack Vendor :STMicroelectronics X-CUBE-DPower 1.3.0
2025-04-23 17:21:48,397 [INFO] ThirdParty:1030 - CMSIS Pack Vendor :STMicroelectronics FP-SNS-MOTENV1 5.0.0
2025-04-23 17:21:48,397 [INFO] ThirdParty:1030 - CMSIS Pack Vendor :STMicroelectronics USB_DEVICE 1.0.0
2025-04-23 17:21:48,397 [INFO] ThirdParty:1030 - CMSIS Pack Vendor :wolfSSL I-CUBE-wolfMQTT 1.19.0
2025-04-23 17:21:48,397 [INFO] ThirdParty:1030 - CMSIS Pack Vendor :STMicroelectronics X-CUBE-AZRTOS-L4 2.0.0
2025-04-23 17:21:48,397 [INFO] ThirdParty:1030 - CMSIS Pack Vendor :STMicroelectronics ThreadX 0.0.2
2025-04-23 17:21:48,397 [INFO] ThirdParty:1030 - CMSIS Pack Vendor :WES I-CUBE-Cesium 1.3.0
2025-04-23 17:21:48,397 [INFO] ThirdParty:1030 - CMSIS Pack Vendor :STMicroelectronics lwIP 2.1.2
2025-04-23 17:21:48,397 [INFO] ThirdParty:1030 - CMSIS Pack Vendor :STMicroelectronics X-CUBE-SFXS2LP1 4.0.0
2025-04-23 17:21:48,397 [INFO] ThirdParty:1030 - CMSIS Pack Vendor :STMicroelectronics X-CUBE-BLE2 3.3.0
2025-04-23 17:21:48,397 [INFO] ThirdParty:1030 - CMSIS Pack Vendor :STMicroelectronics PDM2PCM 3.2.0
2025-04-23 17:21:48,397 [INFO] ThirdParty:1030 - CMSIS Pack Vendor :STMicroelectronics X-CUBE-AZRTOS-H7 3.3.0
2025-04-23 17:21:48,397 [INFO] ThirdParty:1030 - CMSIS Pack Vendor :STMicroelectronics X-CUBE-NFC9 1.0.0
2025-04-23 17:21:48,397 [INFO] ThirdParty:1030 - CMSIS Pack Vendor :STMicroelectronics X-CUBE-BLE1 7.1.0
2025-04-23 17:21:48,397 [INFO] ThirdParty:1030 - CMSIS Pack Vendor :STMicroelectronics USB_DEVICE 3.0.0
2025-04-23 17:21:48,397 [INFO] ThirdParty:1030 - CMSIS Pack Vendor :STMicroelectronics X-CUBE-TCPP 4.1.0
2025-04-23 17:21:48,397 [INFO] ThirdParty:1030 - CMSIS Pack Vendor :STMicroelectronics X-CUBE-IPS 3.0.0
2025-04-23 17:21:48,397 [INFO] ThirdParty:1030 - CMSIS Pack Vendor :STMicroelectronics X-CUBE-AZRTOS-WB 2.0.0
2025-04-23 17:21:48,397 [INFO] ThirdParty:1030 - CMSIS Pack Vendor :STMicroelectronics X-CUBE-GNSS1 7.0.0
2025-04-23 17:21:48,397 [INFO] ThirdParty:1030 - CMSIS Pack Vendor :STMicroelectronics X-CUBE-GNSS1 7.0.1
2025-04-23 17:21:48,397 [INFO] ThirdParty:1030 - CMSIS Pack Vendor :STMicroelectronics X-CUBE-TOUCHGFX 4.25.0
2025-04-23 17:21:48,397 [INFO] ThirdParty:1030 - CMSIS Pack Vendor :STMicroelectronics FP-SNS-STBOX1 2.0.0
2025-04-23 17:21:48,397 [INFO] ThirdParty:1030 - CMSIS Pack Vendor :STMicroelectronics X-CUBE-MEMS1 11.2.0
2025-04-23 17:21:48,397 [INFO] ThirdParty:1030 - CMSIS Pack Vendor :STMicroelectronics X-CUBE-AZRTOS-G0 1.1.0
2025-04-23 17:21:48,397 [INFO] ThirdParty:1030 - CMSIS Pack Vendor :STMicroelectronics X-CUBE-SAFEA1 1.2.2
2025-04-23 17:21:48,397 [INFO] ThirdParty:1030 - CMSIS Pack Vendor :STMicroelectronics X-CUBE-NFC4 3.0.0
2025-04-23 17:21:48,397 [INFO] ThirdParty:1030 - CMSIS Pack Vendor :STMicroelectronics X-CUBE-SUBG2 5.0.0
2025-04-23 17:21:48,397 [INFO] ThirdParty:1030 - CMSIS Pack Vendor :STMicroelectronics X-CUBE-AZRTOS-H7RS 1.1.0
2025-04-23 17:21:48,397 [INFO] ThirdParty:1030 - CMSIS Pack Vendor :STMicroelectronics STM32_WPAN 1.0.0
2025-04-23 17:21:48,397 [INFO] ThirdParty:1030 - CMSIS Pack Vendor :EmbeddedOffice I-CUBE-FS-RTOS 1.0.1
2025-04-23 17:21:48,397 [INFO] ThirdParty:1030 - CMSIS Pack Vendor :STMicroelectronics lwIP 2.0.3
2025-04-23 17:21:48,397 [INFO] ThirdParty:1030 - CMSIS Pack Vendor :Cesanta I-CUBE-Mongoose 7.13.0
2025-04-23 17:21:48,397 [INFO] ThirdParty:1030 - CMSIS Pack Vendor :STMicroelectronics USB_HOST 1.0.0
2025-04-23 17:21:48,398 [INFO] ThirdParty:1030 - CMSIS Pack Vendor :STMicroelectronics X-CUBE-AZRTOS-G4 2.0.0
2025-04-23 17:21:48,398 [INFO] ThirdParty:1030 - CMSIS Pack Vendor :STMicroelectronics X-CUBE-WB05N 2.0.0
2025-04-23 17:21:48,398 [INFO] ThirdParty:1030 - CMSIS Pack Vendor :STMicroelectronics PDM2PCM 3.1.0
2025-04-23 17:21:48,398 [INFO] ThirdParty:1030 - CMSIS Pack Vendor :RealThread X-CUBE-RT-Thread_Nano 4.1.1
2025-04-23 17:21:48,398 [INFO] ThirdParty:1030 - CMSIS Pack Vendor :wolfSSL I-CUBE-wolfSSL 5.7.0
2025-04-23 17:21:48,398 [INFO] ThirdParty:1030 - CMSIS Pack Vendor :STMicroelectronics FP-ATR-SIGFOX1 3.2.0
2025-04-23 17:21:48,398 [INFO] ThirdParty:1030 - CMSIS Pack Vendor :quantropi X-CUBE-qispace-sdk-base 1.9.3
2025-04-23 17:21:48,398 [INFO] ThirdParty:1030 - CMSIS Pack Vendor :STMicroelectronics X-CUBE-ISPU 2.0.0
2025-04-23 17:21:48,398 [INFO] ThirdParty:1030 - CMSIS Pack Vendor :STMicroelectronics X-CUBE-EEPRMA1 5.1.0
2025-04-23 17:21:48,398 [INFO] ThirdParty:1030 - CMSIS Pack Vendor :STMicroelectronics MBEDTLS 2.16.2
2025-04-23 17:21:48,398 [INFO] ThirdParty:1030 - CMSIS Pack Vendor :STMicroelectronics X-CUBE-ALS 1.0.2
2025-04-23 17:21:48,398 [INFO] ThirdParty:1030 - CMSIS Pack Vendor :STMicroelectronics X-CUBE-MEMS1 10.0.0
2025-04-23 17:21:48,398 [INFO] ThirdParty:1030 - CMSIS Pack Vendor :STMicroelectronics X-CUBE-TOUCHGFX 4.24.0
2025-04-23 17:21:48,398 [INFO] ThirdParty:1030 - CMSIS Pack Vendor :ITTIA_DB I-CUBE-ITTIADB 8.9.0
2025-04-23 17:21:48,398 [INFO] ThirdParty:1030 - CMSIS Pack Vendor :STMicroelectronics X-CUBE-TOUCHGFX 4.24.2
2025-04-23 17:21:48,398 [INFO] ThirdParty:1030 - CMSIS Pack Vendor :STMicroelectronics X-CUBE-TOUCHGFX 4.24.1
2025-04-23 17:21:48,398 [INFO] ThirdParty:1030 - CMSIS Pack Vendor :portGmbH I-Cube-SoM-uGOAL 1.1.0
2025-04-23 17:21:48,398 [INFO] ThirdParty:1030 - CMSIS Pack Vendor :STMicroelectronics ThreadX 1.0.0
2025-04-23 17:21:48,398 [INFO] ThirdParty:1030 - CMSIS Pack Vendor :SEGGER I-CUBE-embOS 1.3.1
2025-04-23 17:21:48,398 [INFO] ThirdParty:1030 - CMSIS Pack Vendor :STMicroelectronics X-CUBE-ALGOBUILD 1.4.0
2025-04-23 17:21:48,398 [INFO] ThirdParty:1030 - CMSIS Pack Vendor :STMicroelectronics X-CUBE-AZRTOS-H7RS 1.0.0
2025-04-23 17:21:48,398 [INFO] ThirdParty:1030 - CMSIS Pack Vendor :STMicroelectronics FP-ATR-ASTRA1 2.0.0
2025-04-23 17:21:48,398 [INFO] ThirdParty:1030 - CMSIS Pack Vendor :STMicroelectronics X-CUBE-TOF1 3.4.2
2025-04-23 17:21:48,398 [INFO] ThirdParty:1030 - CMSIS Pack Vendor :STMicroelectronics X-CUBE-AI 9.1.0
2025-04-23 17:21:48,398 [INFO] ThirdParty:1030 - CMSIS Pack Vendor :STMicroelectronics X-CUBE-TOF1 3.4.1
2025-04-23 17:21:48,398 [INFO] ThirdParty:1030 - CMSIS Pack Vendor :STMicroelectronics X-CUBE-AZRTOS-H7 3.2.0
2025-04-23 17:21:48,398 [INFO] ThirdParty:1030 - CMSIS Pack Vendor :Infineon AIROC-Wi-Fi-Bluetooth-STM32 1.6.0
2025-04-23 17:21:48,398 [INFO] ThirdParty:1030 - CMSIS Pack Vendor :wolfSSL I-CUBE-wolfSSH 1.4.17
2025-04-23 17:21:48,398 [INFO] ThirdParty:841 - exiting critical section [change project]
2025-04-23 17:21:48,595 [INFO] PinOutPanel:1561 - setPackage(No Configuration,No Configuration)
2025-04-23 17:21:48,598 [INFO] PinOutPanel:1561 - setPackage(STM32F103C8Tx,LQFP48)
2025-04-23 17:21:48,935 [INFO] UtilMem:75 - Before build in PCC Used Memory: 665603496 Bytes (1073741824)
2025-04-23 17:21:49,681 [INFO] UtilMem:75 - After build in PCC Used Memory: 691187792 Bytes (1073741824)
2025-04-23 17:21:49,703 [INFO] IPUIPlugin:80 - create IPUIPlugin
2025-04-23 17:21:49,703 [INFO] IPUIPlugin:80 - create IPUIPlugin
2025-04-23 17:21:49,703 [INFO] IPUIPlugin:80 - create IPUIPlugin
2025-04-23 17:21:49,703 [INFO] IPUIPlugin:80 - create IPUIPlugin
2025-04-23 17:21:49,704 [INFO] IPUIPlugin:80 - create IPUIPlugin
2025-04-23 17:21:49,704 [INFO] IPUIPlugin:80 - create IPUIPlugin
2025-04-23 17:21:49,704 [INFO] IPUIPlugin:80 - create IPUIPlugin
2025-04-23 17:21:49,704 [INFO] IPUIPlugin:80 - create IPUIPlugin
2025-04-23 17:21:49,704 [INFO] IPUIPlugin:80 - create IPUIPlugin
2025-04-23 17:21:49,704 [INFO] IPUIPlugin:80 - create IPUIPlugin
2025-04-23 17:21:49,704 [INFO] IPUIPlugin:80 - create IPUIPlugin
2025-04-23 17:21:49,704 [INFO] IPUIPlugin:80 - create IPUIPlugin
2025-04-23 17:21:49,704 [INFO] IPUIPlugin:80 - create IPUIPlugin
2025-04-23 17:21:49,704 [INFO] IPUIPlugin:80 - create IPUIPlugin
2025-04-23 17:21:49,704 [INFO] IPUIPlugin:80 - create IPUIPlugin
2025-04-23 17:21:49,704 [INFO] IPUIPlugin:80 - create IPUIPlugin
2025-04-23 17:21:49,704 [INFO] IPUIPlugin:80 - create IPUIPlugin
2025-04-23 17:21:49,705 [INFO] IPUIPlugin:80 - create IPUIPlugin
2025-04-23 17:21:49,705 [INFO] IPUIPlugin:80 - create IPUIPlugin
2025-04-23 17:21:49,705 [INFO] IPUIPlugin:80 - create IPUIPlugin
2025-04-23 17:21:49,705 [INFO] IPUIPlugin:80 - create IPUIPlugin
2025-04-23 17:21:49,705 [INFO] IPUIPlugin:80 - create IPUIPlugin
2025-04-23 17:21:49,705 [INFO] IPUIPlugin:80 - create IPUIPlugin
2025-04-23 17:21:49,705 [INFO] IPUIPlugin:80 - create IPUIPlugin
2025-04-23 17:21:49,705 [INFO] IPUIPlugin:80 - create IPUIPlugin
2025-04-23 17:21:49,705 [INFO] IPUIPlugin:80 - create IPUIPlugin
2025-04-23 17:21:49,705 [INFO] IPUIPlugin:80 - create IPUIPlugin
2025-04-23 17:21:49,945 [INFO] CADModel:165 - CPN selected for project levelSTM32F103C8T6
2025-04-23 17:21:49,945 [INFO] CADModel:114 - Register for checkConnection events
2025-04-23 17:21:49,995 [INFO] OpenFileManager:363 - Restore cursor
2025-04-23 17:28:56,195 [INFO] UtilMem:75 - End SaveConfig() Used Memory: 648885760 Bytes (1073741824)
2025-04-23 17:28:57,226 [INFO] UtilMem:75 - End SaveConfig() Used Memory: 625589816 Bytes (1073741824)
2025-04-23 17:28:58,600 [INFO] UtilMem:75 - End SaveConfig() Used Memory: 712092616 Bytes (1073741824)
2025-04-23 17:28:58,908 [INFO] BlockDiagram:2766 - set Specific Code input for plugin: NVIC
2025-04-23 17:28:58,910 [INFO] BlockDiagram:2766 - set Specific Code input for plugin: USART
2025-04-23 17:28:58,910 [INFO] BlockDiagram:2766 - set Specific Code input for plugin: TIM1_8F1
2025-04-23 17:28:58,910 [INFO] BlockDiagram:2766 - set Specific Code input for plugin: TIM1_8F1
2025-04-23 17:28:58,910 [INFO] BlockDiagram:2766 - set Specific Code input for plugin: SYS
2025-04-23 17:28:58,910 [INFO] BlockDiagram:2766 - set Specific Code input for plugin: GPIO
2025-04-23 17:28:58,910 [INFO] BlockDiagram:2766 - set Specific Code input for plugin: RCC
2025-04-23 17:28:58,911 [INFO] CodeGenerator:807 - code generatio: config db path: C:\App\ST\STM32CubeIDE_1.16.0\STM32CubeIDE\plugins\com.st.stm32cube.common.mx_6.12.0.202406281431\\db\
2025-04-23 17:28:59,041 [INFO] CodeEngine:255 - oldGeneratedFile, C:\Robot_Duy\Drawing_Robot_2axis\Drawing_Robot\MXTmpFiles\license.tmp_save
2025-04-23 17:28:59,495 [INFO] CodeEngine:279 - Generated code: C:\Robot_Duy\Drawing_Robot_2axis\Drawing_Robot\MXTmpFiles\license.tmp
2025-04-23 17:28:59,607 [INFO] CodeEngine:255 - oldGeneratedFile, C:\Robot_Duy\Drawing_Robot_2axis\Drawing_Robot\MXTmpFiles\gpio.tmp_save
2025-04-23 17:28:59,722 [INFO] CodeEngine:279 - Generated code: C:\Robot_Duy\Drawing_Robot_2axis\Drawing_Robot\MXTmpFiles\gpio.tmp
2025-04-23 17:28:59,888 [INFO] CodeEngine:255 - oldGeneratedFile, C:\Robot_Duy\Drawing_Robot_2axis\Drawing_Robot\Core\Src\stm32f1xx_it.c_save
2025-04-23 17:28:59,987 [INFO] CodeEngine:279 - Generated code: C:\Robot_Duy\Drawing_Robot_2axis\Drawing_Robot\Core\Src\stm32f1xx_it.c
2025-04-23 17:29:00,008 [INFO] CodeEngine:255 - oldGeneratedFile, C:\Robot_Duy\Drawing_Robot_2axis\Drawing_Robot\Core\Inc\stm32f1xx_it.h_save
2025-04-23 17:29:00,133 [INFO] CodeEngine:279 - Generated code: C:\Robot_Duy\Drawing_Robot_2axis\Drawing_Robot\Core\Inc\stm32f1xx_it.h
2025-04-23 17:29:00,161 [INFO] CodeEngine:255 - oldGeneratedFile, C:\Robot_Duy\Drawing_Robot_2axis\Drawing_Robot\Core\Src\stm32f1xx_hal_msp.c_save
2025-04-23 17:29:00,267 [INFO] CodeEngine:279 - Generated code: C:\Robot_Duy\Drawing_Robot_2axis\Drawing_Robot\Core\Src\stm32f1xx_hal_msp.c
2025-04-23 17:29:00,278 [INFO] CodeEngine:255 - oldGeneratedFile, C:\Robot_Duy\Drawing_Robot_2axis\Drawing_Robot\MXTmpFiles\system.tmp_save
2025-04-23 17:29:00,337 [INFO] CodeEngine:279 - Generated code: C:\Robot_Duy\Drawing_Robot_2axis\Drawing_Robot\MXTmpFiles\system.tmp
2025-04-23 17:29:00,363 [INFO] CodeEngine:311 - oldGeneratedFile, C:\Robot_Duy\Drawing_Robot_2axis\Drawing_Robot\Core\Inc\stm32f1xx_hal_conf.h_save
2025-04-23 17:29:00,453 [INFO] CodeEngine:335 - Generated code: C:\Robot_Duy\Drawing_Robot_2axis\Drawing_Robot\Core\Inc\stm32f1xx_hal_conf.h
2025-04-23 17:29:00,478 [WARN] IPConfigManager:3554 - IP not found : TIM
2025-04-23 17:29:00,479 [WARN] CodeGenerator:4002 - IP not found : null
2025-04-23 17:29:00,503 [INFO] CodeEngine:255 - oldGeneratedFile, C:\Robot_Duy\Drawing_Robot_2axis\Drawing_Robot\Core\Inc\main.h_save
2025-04-23 17:29:00,589 [INFO] CodeEngine:279 - Generated code: C:\Robot_Duy\Drawing_Robot_2axis\Drawing_Robot\Core\Inc\main.h
2025-04-23 17:29:00,613 [INFO] CodeEngine:255 - oldGeneratedFile, C:\Robot_Duy\Drawing_Robot_2axis\Drawing_Robot\Core\Src\main.c_save
2025-04-23 17:29:00,744 [INFO] CodeEngine:279 - Generated code: C:\Robot_Duy\Drawing_Robot_2axis\Drawing_Robot\Core\Src\main.c
2025-04-23 17:29:01,057 [INFO] ProjectBuilder:3249 - Time for Copy HAL[1] : 162mS.
2025-04-23 17:29:01,063 [INFO] ProjectBuilder:4828 - Project Generator version: 4.4.0-B60
2025-04-23 17:29:01,146 [INFO] ConfigFileManager:1531 - The Die is : DIE410
2025-04-23 17:29:01,164 [INFO] ApiDbMcu:508 - Load IP Config File for FATFS
2025-04-23 17:29:01,177 [INFO] ApiDbMcu:508 - Load IP Config File for FREERTOS
2025-04-23 17:29:01,192 [INFO] ApiDbMcu:508 - Load IP Config File for USB_DEVICE
2025-04-23 17:29:01,857 [INFO] LogOutputStream:77 - [STDOUT_REDIRECT] 
2025-04-23 17:29:03,443 [INFO] ProjectBuilder:5097 - Time for Generating toolchain IDE Files: 2381mS.
2025-04-23 17:29:03,444 [INFO] ProjectBuilder:3107 - Time for Copy CMSIS : 0mS.
2025-04-23 17:29:03,445 [INFO] ProjectBuilder:3107 - Time for Copy CMSIS : 0mS.
2025-04-23 19:14:00,281 [ERROR] LogOutputStream:75 - [STDERR_REDIRECT] 
2025-04-23 19:14:00,284 [ERROR] LogOutputStream:75 - [STDERR_REDIRECT] 
